#
# There is insufficient memory for the Java Runtime Environment to continue.
# Native memory allocation (malloc) failed to allocate 1114896 bytes for Chunk::new
# Possible reasons:
#   The system is out of physical RAM or swap space
#   The process is running with CompressedOops enabled, and the Java Heap may be blocking the growth of the native heap
# Possible solutions:
#   Reduce memory load on the system
#   Increase physical memory or swap space
#   Check if swap backing store is full
#   Decrease Java heap size (-Xmx/-Xms)
#   Decrease number of Java threads
#   Decrease Java thread stack sizes (-Xss)
#   Set larger code cache with -XX:ReservedCodeCacheSize=
#   JVM is running with Unscaled Compressed Oops mode in which the Java heap is
#     placed in the first 4GB address space. The Java Heap base address is the
#     maximum limit for the native heap growth. Please use -XX:HeapBaseMinAddress
#     to set the Java Heap base and to place the Java Heap above 4GB virtual address.
# This output file may be truncated or incomplete.
#
#  Out of Memory Error (arena.cpp:168), pid=7844, tid=2192
#
# JRE version: OpenJDK Runtime Environment (21.0.2+13) (build 21.0.2+13-58)
# Java VM: OpenJDK 64-Bit Server VM (21.0.2+13-58, mixed mode, sharing, tiered, compressed oops, compressed class ptrs, g1 gc, windows-amd64)
# No core dump will be written. Minidumps are not enabled by default on client versions of Windows
#

---------------  S U M M A R Y ------------

Command Line: --add-opens=java.base/java.util=ALL-UNNAMED --add-opens=java.base/java.lang=ALL-UNNAMED --add-opens=java.base/java.lang.invoke=ALL-UNNAMED --add-opens=java.prefs/java.util.prefs=ALL-UNNAMED --add-exports=jdk.compiler/com.sun.tools.javac.api=ALL-UNNAMED --add-exports=jdk.compiler/com.sun.tools.javac.util=ALL-UNNAMED --add-opens=java.base/java.nio.charset=ALL-UNNAMED --add-opens=java.base/java.net=ALL-UNNAMED --add-opens=java.base/java.util.concurrent.atomic=ALL-UNNAMED -XX:MaxMetaspaceSize=384m -XX:+HeapDumpOnOutOfMemoryError -Xms256m -Xmx512m -Dfile.encoding=UTF-8 -Duser.country=CN -Duser.language=zh -Duser.variant -javaagent:F:\.gradle\wrapper\dists\gradle-8.10-all\5d1orm1foysj2p3f4z6mcghoz\gradle-8.10\lib\agents\gradle-instrumentation-agent-8.10.jar org.gradle.launcher.daemon.bootstrap.GradleDaemon 8.10

Host: Intel(R) Core(TM) i5-7300HQ CPU @ 2.50GHz, 4 cores, 31G,  Windows 10 , 64 bit Build 19041 (10.0.19041.5915)
Time: Thu Jan 22 02:33:05 2026  Windows 10 , 64 bit Build 19041 (10.0.19041.5915) elapsed time: 68.057259 seconds (0d 0h 1m 8s)

---------------  T H R E A D  ---------------

Current thread (0x000001b06c644460):  JavaThread "C2 CompilerThread0" daemon [_thread_in_native, id=2192, stack(0x0000009584a00000,0x0000009584b00000) (1024K)]


Current CompileTask:
C2:  68057 19778       4       org.gradle.internal.logging.text.AbstractLineChoppingStyledTextOutput::doAppend (43 bytes)

Stack: [0x0000009584a00000,0x0000009584b00000]
Native frames: (J=compiled Java code, j=interpreted, Vv=VM code, C=native code)
V  [jvm.dll+0x6cade9]
V  [jvm.dll+0x8569c1]
V  [jvm.dll+0x858d2e]
V  [jvm.dll+0x859413]
V  [jvm.dll+0x280e56]
V  [jvm.dll+0xc3f3d]
V  [jvm.dll+0xc4473]
V  [jvm.dll+0x3b5bf2]
V  [jvm.dll+0x382855]
V  [jvm.dll+0x381cca]
V  [jvm.dll+0x249bd0]
V  [jvm.dll+0x2491b1]
V  [jvm.dll+0x1c9634]
V  [jvm.dll+0x258859]
V  [jvm.dll+0x256e3a]
V  [jvm.dll+0x3ef6c6]
V  [jvm.dll+0x7ff568]
V  [jvm.dll+0x6c953d]
C  [ucrtbase.dll+0x21bb2]
C  [KERNEL32.DLL+0x17374]
C  [ntdll.dll+0x4cc91]


---------------  P R O C E S S  ---------------

Threads class SMR info:
_java_thread_list=0x000001b074b27230, length=95, elements={
0x000001b0522b4980, 0x000001b06c611ed0, 0x000001b06c612ce0, 0x000001b06c613af0,
0x000001b06c6167e0, 0x000001b06c6175a0, 0x000001b06c620010, 0x000001b06c644460,
0x000001b06c645260, 0x000001b06c5d5760, 0x000001b06c92f090, 0x000001b072917580,
0x000001b0729b0810, 0x000001b0727fb650, 0x000001b072a65050, 0x000001b06c81ae10,
0x000001b07280ad30, 0x000001b072caa7f0, 0x000001b072c82790, 0x000001b072c85580,
0x000001b072c834b0, 0x000001b072c84860, 0x000001b072c841d0, 0x000001b072c83b40,
0x000001b072c85c10, 0x000001b072c82e20, 0x000001b074a53140, 0x000001b074a544f0,
0x000001b074a537d0, 0x000001b074a55f30, 0x000001b074a565c0, 0x000001b074a51d90,
0x000001b074a54b80, 0x000001b074a52420, 0x000001b074a51070, 0x000001b074a58690,
0x000001b074a55210, 0x000001b074a52ab0, 0x000001b074a558a0, 0x000001b074a56c50,
0x000001b074a572e0, 0x000001b074a57970, 0x000001b074a58000, 0x000001b075119650,
0x000001b07511aa00, 0x000001b07511bdb0, 0x000001b0751154b0, 0x000001b07511b090,
0x000001b0751161d0, 0x000001b075116860, 0x000001b075116ef0, 0x000001b07711ada0,
0x000001b074b41af0, 0x000001b074b3b1f0, 0x000001b074b3b880, 0x000001b074b3bf10,
0x000001b074b3c5a0, 0x000001b0755ffd90, 0x000001b075601140, 0x000001b0756017d0,
0x000001b075602b80, 0x000001b0756052e0, 0x000001b075603f30, 0x000001b076a2fad0,
0x000001b076a2edb0, 0x000001b076a363d0, 0x000001b076a335e0, 0x000001b076a35d40,
0x000001b076a356b0, 0x000001b076a30e80, 0x000001b076a33c70, 0x000001b077a35db0,
0x000001b077a30860, 0x000001b077a31c10, 0x000001b077a2ee20, 0x000001b077a34a00,
0x000001b077a36440, 0x000001b077a301d0, 0x000001b077a322a0, 0x000001b07c7a5e50,
0x000001b07c7a4aa0, 0x000001b07c7a5130, 0x000001b07c7a3d80, 0x000001b077a33ce0,
0x000001b077a32930, 0x000001b077a30ef0, 0x000001b077a33650, 0x000001b077a31580,
0x000001b077a32fc0, 0x000001b077a35090, 0x000001b077a35720, 0x000001b076a328c0,
0x000001b076a35020, 0x000001b075601e60, 0x000001b07cc05e40
}

Java Threads: ( => current thread )
  0x000001b0522b4980 JavaThread "main"                              [_thread_blocked, id=268, stack(0x0000009583b00000,0x0000009583c00000) (1024K)]
  0x000001b06c611ed0 JavaThread "Reference Handler"          daemon [_thread_blocked, id=7416, stack(0x0000009584400000,0x0000009584500000) (1024K)]
  0x000001b06c612ce0 JavaThread "Finalizer"                  daemon [_thread_blocked, id=18188, stack(0x0000009584500000,0x0000009584600000) (1024K)]
  0x000001b06c613af0 JavaThread "Signal Dispatcher"          daemon [_thread_blocked, id=27548, stack(0x0000009584600000,0x0000009584700000) (1024K)]
  0x000001b06c6167e0 JavaThread "Attach Listener"            daemon [_thread_blocked, id=23372, stack(0x0000009584700000,0x0000009584800000) (1024K)]
  0x000001b06c6175a0 JavaThread "Service Thread"             daemon [_thread_blocked, id=3412, stack(0x0000009584800000,0x0000009584900000) (1024K)]
  0x000001b06c620010 JavaThread "Monitor Deflation Thread"   daemon [_thread_blocked, id=35748, stack(0x0000009584900000,0x0000009584a00000) (1024K)]
=>0x000001b06c644460 JavaThread "C2 CompilerThread0"         daemon [_thread_in_native, id=2192, stack(0x0000009584a00000,0x0000009584b00000) (1024K)]
  0x000001b06c645260 JavaThread "C1 CompilerThread0"         daemon [_thread_blocked, id=6188, stack(0x0000009584b00000,0x0000009584c00000) (1024K)]
  0x000001b06c5d5760 JavaThread "Common-Cleaner"             daemon [_thread_blocked, id=15256, stack(0x0000009584c00000,0x0000009584d00000) (1024K)]
  0x000001b06c92f090 JavaThread "Notification Thread"        daemon [_thread_blocked, id=30552, stack(0x0000009584d00000,0x0000009584e00000) (1024K)]
  0x000001b072917580 JavaThread "Daemon health stats"               [_thread_blocked, id=2972, stack(0x0000009585200000,0x0000009585300000) (1024K)]
  0x000001b0729b0810 JavaThread "Incoming local TCP Connector on port 8250"        [_thread_in_native, id=23148, stack(0x0000009585300000,0x0000009585400000) (1024K)]
  0x000001b0727fb650 JavaThread "Daemon periodic checks"            [_thread_blocked, id=33024, stack(0x0000009585400000,0x0000009585500000) (1024K)]
  0x000001b072a65050 JavaThread "Daemon"                            [_thread_blocked, id=30664, stack(0x0000009585500000,0x0000009585600000) (1024K)]
  0x000001b06c81ae10 JavaThread "Handler for socket connection from /127.0.0.1:8250 to /127.0.0.1:8255"        [_thread_in_native, id=29572, stack(0x0000009585100000,0x0000009585200000) (1024K)]
  0x000001b07280ad30 JavaThread "Cancel handler"                    [_thread_blocked, id=22100, stack(0x0000009585600000,0x0000009585700000) (1024K)]
  0x000001b072caa7f0 JavaThread "Daemon worker"                     [_thread_blocked, id=8232, stack(0x0000009585700000,0x0000009585800000) (1024K)]
  0x000001b072c82790 JavaThread "Asynchronous log dispatcher for DefaultDaemonConnection: socket connection from /127.0.0.1:8250 to /127.0.0.1:8255"        [_thread_blocked, id=17988, stack(0x0000009585800000,0x0000009585900000) (1024K)]
  0x000001b072c85580 JavaThread "Stdin handler"                     [_thread_blocked, id=3696, stack(0x0000009585900000,0x0000009585a00000) (1024K)]
  0x000001b072c834b0 JavaThread "Daemon client event forwarder"        [_thread_blocked, id=5456, stack(0x0000009585a00000,0x0000009585b00000) (1024K)]
  0x000001b072c84860 JavaThread "Cache worker for journal cache (F:\.gradle\caches\journal-1)"        [_thread_blocked, id=13372, stack(0x0000009585b00000,0x0000009585c00000) (1024K)]
  0x000001b072c841d0 JavaThread "File lock request listener"        [_thread_in_native, id=35192, stack(0x0000009585c00000,0x0000009585d00000) (1024K)]
  0x000001b072c83b40 JavaThread "Cache worker for file hash cache (F:\.gradle\caches\8.10\fileHashes)"        [_thread_blocked, id=32252, stack(0x0000009585d00000,0x0000009585e00000) (1024K)]
  0x000001b072c85c10 JavaThread "Cache worker for file hash cache (F:\attribute\attribute\.gradle\8.10\fileHashes)"        [_thread_blocked, id=22828, stack(0x0000009585e00000,0x0000009585f00000) (1024K)]
  0x000001b072c82e20 JavaThread "Cache worker for Build Output Cleanup Cache (F:\attribute\attribute\.gradle\buildOutputCleanup)"        [_thread_blocked, id=33480, stack(0x0000009585f00000,0x0000009586000000) (1024K)]
  0x000001b074a53140 JavaThread "File watcher server"        daemon [_thread_in_native, id=13592, stack(0x0000009586000000,0x0000009586100000) (1024K)]
  0x000001b074a544f0 JavaThread "File watcher consumer"      daemon [_thread_blocked, id=13508, stack(0x0000009586100000,0x0000009586200000) (1024K)]
  0x000001b074a537d0 JavaThread "Cache worker for checksums cache (F:\attribute\attribute\.gradle\8.10\checksums)"        [_thread_blocked, id=26568, stack(0x0000009586200000,0x0000009586300000) (1024K)]
  0x000001b074a55f30 JavaThread "Cache worker for file content cache (F:\.gradle\caches\8.10\fileContent)"        [_thread_blocked, id=25776, stack(0x0000009586300000,0x0000009586400000) (1024K)]
  0x000001b074a565c0 JavaThread "Cache worker for cache directory md-rule (F:\.gradle\caches\8.10\md-rule)"        [_thread_blocked, id=21000, stack(0x0000009586400000,0x0000009586500000) (1024K)]
  0x000001b074a51d90 JavaThread "Cache worker for cache directory md-supplier (F:\.gradle\caches\8.10\md-supplier)"        [_thread_blocked, id=22256, stack(0x0000009586500000,0x0000009586600000) (1024K)]
  0x000001b074a54b80 JavaThread "jar transforms"                    [_thread_blocked, id=25172, stack(0x0000009586700000,0x0000009586800000) (1024K)]
  0x000001b074a52420 JavaThread "jar transforms Thread 2"           [_thread_blocked, id=32096, stack(0x0000009586800000,0x0000009586900000) (1024K)]
  0x000001b074a51070 JavaThread "jar transforms Thread 3"           [_thread_blocked, id=23344, stack(0x0000009586900000,0x0000009586a00000) (1024K)]
  0x000001b074a58690 JavaThread "Unconstrained build operations"        [_thread_blocked, id=3240, stack(0x0000009586600000,0x0000009586700000) (1024K)]
  0x000001b074a55210 JavaThread "Unconstrained build operations Thread 2"        [_thread_blocked, id=2328, stack(0x0000009586a00000,0x0000009586b00000) (1024K)]
  0x000001b074a52ab0 JavaThread "Unconstrained build operations Thread 3"        [_thread_blocked, id=22376, stack(0x0000009586b00000,0x0000009586c00000) (1024K)]
  0x000001b074a558a0 JavaThread "Unconstrained build operations Thread 4"        [_thread_blocked, id=21636, stack(0x0000009586c00000,0x0000009586d00000) (1024K)]
  0x000001b074a56c50 JavaThread "Unconstrained build operations Thread 5"        [_thread_blocked, id=25440, stack(0x0000009586d00000,0x0000009586e00000) (1024K)]
  0x000001b074a572e0 JavaThread "Unconstrained build operations Thread 6"        [_thread_blocked, id=17252, stack(0x0000009586e00000,0x0000009586f00000) (1024K)]
  0x000001b074a57970 JavaThread "jar transforms Thread 4"           [_thread_blocked, id=34888, stack(0x0000009586f00000,0x0000009587000000) (1024K)]
  0x000001b074a58000 JavaThread "Unconstrained build operations Thread 7"        [_thread_blocked, id=7200, stack(0x0000009587000000,0x0000009587100000) (1024K)]
  0x000001b075119650 JavaThread "Unconstrained build operations Thread 8"        [_thread_blocked, id=27372, stack(0x0000009587100000,0x0000009587200000) (1024K)]
  0x000001b07511aa00 JavaThread "Unconstrained build operations Thread 9"        [_thread_blocked, id=36100, stack(0x0000009587200000,0x0000009587300000) (1024K)]
  0x000001b07511bdb0 JavaThread "Unconstrained build operations Thread 10"        [_thread_blocked, id=11360, stack(0x0000009587300000,0x0000009587400000) (1024K)]
  0x000001b0751154b0 JavaThread "Unconstrained build operations Thread 11"        [_thread_blocked, id=16724, stack(0x0000009587400000,0x0000009587500000) (1024K)]
  0x000001b07511b090 JavaThread "Unconstrained build operations Thread 12"        [_thread_blocked, id=34516, stack(0x0000009587500000,0x0000009587600000) (1024K)]
  0x000001b0751161d0 JavaThread "Unconstrained build operations Thread 13"        [_thread_blocked, id=16380, stack(0x0000009587600000,0x0000009587700000) (1024K)]
  0x000001b075116860 JavaThread "Unconstrained build operations Thread 14"        [_thread_blocked, id=21140, stack(0x0000009587700000,0x0000009587800000) (1024K)]
  0x000001b075116ef0 JavaThread "Unconstrained build operations Thread 15"        [_thread_blocked, id=20844, stack(0x0000009587800000,0x0000009587900000) (1024K)]
  0x000001b07711ada0 JavaThread "File lock release action executor"        [_thread_blocked, id=8272, stack(0x0000009587900000,0x0000009587a00000) (1024K)]
  0x000001b074b41af0 JavaThread "Unconstrained build operations Thread 16"        [_thread_blocked, id=14908, stack(0x0000009587b00000,0x0000009587c00000) (1024K)]
  0x000001b074b3b1f0 JavaThread "Unconstrained build operations Thread 17"        [_thread_blocked, id=15204, stack(0x0000009587c00000,0x0000009587d00000) (1024K)]
  0x000001b074b3b880 JavaThread "Unconstrained build operations Thread 18"        [_thread_blocked, id=8536, stack(0x0000009587d00000,0x0000009587e00000) (1024K)]
  0x000001b074b3bf10 JavaThread "Unconstrained build operations Thread 19"        [_thread_blocked, id=10704, stack(0x0000009587e00000,0x0000009587f00000) (1024K)]
  0x000001b074b3c5a0 JavaThread "Unconstrained build operations Thread 20"        [_thread_blocked, id=27560, stack(0x0000009587f00000,0x0000009588000000) (1024K)]
  0x000001b0755ffd90 JavaThread "Unconstrained build operations Thread 21"        [_thread_blocked, id=31616, stack(0x0000009588000000,0x0000009588100000) (1024K)]
  0x000001b075601140 JavaThread "Unconstrained build operations Thread 22"        [_thread_blocked, id=35000, stack(0x0000009588100000,0x0000009588200000) (1024K)]
  0x000001b0756017d0 JavaThread "Unconstrained build operations Thread 23"        [_thread_blocked, id=14932, stack(0x0000009588200000,0x0000009588300000) (1024K)]
  0x000001b075602b80 JavaThread "Unconstrained build operations Thread 24"        [_thread_blocked, id=30184, stack(0x0000009588300000,0x0000009588400000) (1024K)]
  0x000001b0756052e0 JavaThread "Memory manager"                    [_thread_blocked, id=15628, stack(0x0000009588400000,0x0000009588500000) (1024K)]
  0x000001b075603f30 JavaThread "build event listener"              [_thread_blocked, id=15044, stack(0x0000009588500000,0x0000009588600000) (1024K)]
  0x000001b076a2fad0 JavaThread "Unconstrained build operations Thread 25"        [_thread_blocked, id=14776, stack(0x0000009588600000,0x0000009588700000) (1024K)]
  0x000001b076a2edb0 JavaThread "Unconstrained build operations Thread 26"        [_thread_blocked, id=25936, stack(0x0000009588700000,0x0000009588800000) (1024K)]
  0x000001b076a363d0 JavaThread "Unconstrained build operations Thread 27"        [_thread_blocked, id=31304, stack(0x0000009588800000,0x0000009588900000) (1024K)]
  0x000001b076a335e0 JavaThread "included builds"                   [_thread_blocked, id=10360, stack(0x0000009588900000,0x0000009588a00000) (1024K)]
  0x000001b076a35d40 JavaThread "Execution worker"                  [_thread_blocked, id=17168, stack(0x0000009588a00000,0x0000009588b00000) (1024K)]
  0x000001b076a356b0 JavaThread "Execution worker Thread 2"         [_thread_in_Java, id=8896, stack(0x0000009588b00000,0x0000009588c00000) (1024K)]
  0x000001b076a30e80 JavaThread "Execution worker Thread 3"         [_thread_blocked, id=3264, stack(0x0000009588c00000,0x0000009588d00000) (1024K)]
  0x000001b076a33c70 JavaThread "Cache worker for execution history cache (F:\attribute\attribute\.gradle\8.10\executionHistory)"        [_thread_blocked, id=18788, stack(0x0000009588d00000,0x0000009588e00000) (1024K)]
  0x000001b077a35db0 JavaThread "Unconstrained build operations Thread 28"        [_thread_blocked, id=26360, stack(0x0000009588e00000,0x0000009588f00000) (1024K)]
  0x000001b077a30860 JavaThread "Unconstrained build operations Thread 29"        [_thread_blocked, id=10372, stack(0x0000009588f00000,0x0000009589000000) (1024K)]
  0x000001b077a31c10 JavaThread "Unconstrained build operations Thread 30"        [_thread_blocked, id=24464, stack(0x0000009589000000,0x0000009589100000) (1024K)]
  0x000001b077a2ee20 JavaThread "Unconstrained build operations Thread 31"        [_thread_blocked, id=32964, stack(0x0000009589100000,0x0000009589200000) (1024K)]
  0x000001b077a34a00 JavaThread "Unconstrained build operations Thread 32"        [_thread_blocked, id=12736, stack(0x0000009589200000,0x0000009589300000) (1024K)]
  0x000001b077a36440 JavaThread "Unconstrained build operations Thread 33"        [_thread_blocked, id=34208, stack(0x0000009589300000,0x0000009589400000) (1024K)]
  0x000001b077a301d0 JavaThread "Unconstrained build operations Thread 34"        [_thread_blocked, id=20656, stack(0x0000009589400000,0x0000009589500000) (1024K)]
  0x000001b077a322a0 JavaThread "Unconstrained build operations Thread 35"        [_thread_blocked, id=11648, stack(0x0000009589500000,0x0000009589600000) (1024K)]
  0x000001b07c7a5e50 JavaThread "Unconstrained build operations Thread 36"        [_thread_blocked, id=11812, stack(0x0000009589600000,0x0000009589700000) (1024K)]
  0x000001b07c7a4aa0 JavaThread "Unconstrained build operations Thread 37"        [_thread_blocked, id=31420, stack(0x0000009589700000,0x0000009589800000) (1024K)]
  0x000001b07c7a5130 JavaThread "Unconstrained build operations Thread 38"        [_thread_blocked, id=12056, stack(0x0000009589800000,0x0000009589900000) (1024K)]
  0x000001b07c7a3d80 JavaThread "WorkerExecutor Queue"              [_thread_in_native, id=31312, stack(0x0000009589900000,0x0000009589a00000) (1024K)]
  0x000001b077a33ce0 JavaThread "RMI Scheduler(0)"           daemon [_thread_blocked, id=16028, stack(0x0000009587a00000,0x0000009587b00000) (1024K)]
  0x000001b077a32930 JavaThread "RMI RenewClean-[127.0.0.1:17774,org.jetbrains.kotlin.daemon.common.LoopbackNetworkInterface$ClientLoopbackSocketFactory@14ae2ef0]" daemon [_thread_blocked, id=25164, stack(0x0000009589a00000,0x0000009589b00000) (1024K)]
  0x000001b077a30ef0 JavaThread "RMI GC Daemon"              daemon [_thread_blocked, id=27060, stack(0x0000009589b00000,0x0000009589c00000) (1024K)]
  0x000001b077a33650 JavaThread "RMI TCP Accept-0"           daemon [_thread_in_native, id=29296, stack(0x0000009589c00000,0x0000009589d00000) (1024K)]
  0x000001b077a31580 JavaThread "RMI Reaper"                        [_thread_blocked, id=35008, stack(0x0000009589d00000,0x0000009589e00000) (1024K)]
  0x000001b077a32fc0 JavaThread "RMI TCP Connection(idle)"   daemon [_thread_blocked, id=3000, stack(0x0000009589e00000,0x0000009589f00000) (1024K)]
  0x000001b077a35090 JavaThread "Unconstrained build operations Thread 39"        [_thread_blocked, id=14452, stack(0x0000009583c00000,0x0000009583d00000) (1024K)]
  0x000001b077a35720 JavaThread "Unconstrained build operations Thread 40"        [_thread_blocked, id=19348, stack(0x0000009589f00000,0x000000958a000000) (1024K)]
  0x000001b076a328c0 JavaThread "WorkerExecutor Queue Thread 2"        [_thread_blocked, id=19860, stack(0x000000958a000000,0x000000958a100000) (1024K)]
  0x000001b076a35020 JavaThread "RMI RenewClean-[127.0.0.1:17774,org.jetbrains.kotlin.daemon.common.LoopbackNetworkInterface$ClientLoopbackSocketFactory@62fcaed4]" daemon [_thread_blocked, id=12272, stack(0x000000958a100000,0x000000958a200000) (1024K)]
  0x000001b075601e60 JavaThread "RMI TCP Connection(idle)"   daemon [_thread_blocked, id=25708, stack(0x000000958a200000,0x000000958a300000) (1024K)]
  0x000001b07cc05e40 JavaThread "C2 CompilerThread1"         daemon [_thread_blocked, id=28372, stack(0x000000958a300000,0x000000958a400000) (1024K)]
Total: 95

Other Threads:
  0x000001b06c5ecb90 VMThread "VM Thread"                           [id=19512, stack(0x0000009584300000,0x0000009584400000) (1024K)]
  0x000001b06c5d2c10 WatcherThread "VM Periodic Task Thread"        [id=17788, stack(0x0000009584200000,0x0000009584300000) (1024K)]
  0x000001b0522de140 WorkerThread "GC Thread#0"                     [id=16828, stack(0x0000009583d00000,0x0000009583e00000) (1024K)]
  0x000001b0710eb1a0 WorkerThread "GC Thread#1"                     [id=12868, stack(0x0000009584e00000,0x0000009584f00000) (1024K)]
  0x000001b06ca4e570 WorkerThread "GC Thread#2"                     [id=21872, stack(0x0000009584f00000,0x0000009585000000) (1024K)]
  0x000001b06ca4e910 WorkerThread "GC Thread#3"                     [id=17264, stack(0x0000009585000000,0x0000009585100000) (1024K)]
  0x000001b0522e2ed0 ConcurrentGCThread "G1 Main Marker"            [id=2464, stack(0x0000009583e00000,0x0000009583f00000) (1024K)]
  0x000001b0522e3780 WorkerThread "G1 Conc#0"                       [id=35388, stack(0x0000009583f00000,0x0000009584000000) (1024K)]
  0x000001b06c4ac510 ConcurrentGCThread "G1 Refine#0"               [id=22048, stack(0x0000009584000000,0x0000009584100000) (1024K)]
  0x000001b05237dc20 ConcurrentGCThread "G1 Service"                [id=28144, stack(0x0000009584100000,0x0000009584200000) (1024K)]
Total: 10

Threads with active compile tasks:
C2 CompilerThread0    68090 19778       4       org.gradle.internal.logging.text.AbstractLineChoppingStyledTextOutput::doAppend (43 bytes)
Total: 1

VM state: not at safepoint (normal execution)

VM Mutex/Monitor currently owned by a thread: None

Heap address: 0x00000000e0000000, size: 512 MB, Compressed Oops mode: 32-bit

CDS archive(s) mapped at: [0x000001b000000000-0x000001b000c90000-0x000001b000c90000), size 13172736, SharedBaseAddress: 0x000001b000000000, ArchiveRelocationMode: 1.
Compressed class space mapped at: 0x000001b001000000-0x000001b015000000, reserved size: 335544320
Narrow klass base: 0x000001b000000000, Narrow klass shift: 0, Narrow klass range: 0x100000000

GC Precious Log:
 CardTable entry size: 512
 Card Set container configuration: InlinePtr #cards 5 size 8 Array Of Cards #cards 12 size 40 Howl #buckets 4 coarsen threshold 1843 Howl Bitmap #cards 512 size 80 coarsen threshold 460 Card regions per heap region 1 cards per card region 2048
 CPUs: 4 total, 4 available
 Memory: 32652M
 Large Page Support: Disabled
 NUMA Support: Disabled
 Compressed Oops: Enabled (32-bit)
 Heap Region Size: 1M
 Heap Min Capacity: 256M
 Heap Initial Capacity: 256M
 Heap Max Capacity: 512M
 Pre-touch: Disabled
 Parallel Workers: 4
 Concurrent Workers: 1
 Concurrent Refinement Workers: 4
 Periodic GC: Disabled

Heap:
 garbage-first heap   total 265216K, used 239466K [0x00000000e0000000, 0x0000000100000000)
  region size 1024K, 108 young (110592K), 1 survivors (1024K)
 Metaspace       used 150560K, committed 153536K, reserved 524288K
  class space    used 19927K, committed 21376K, reserved 327680K

Heap Regions: E=young(eden), S=young(survivor), O=old, HS=humongous(starts), HC=humongous(continues), CS=collection set, F=free, TAMS=top-at-mark-start, PB=parsable bottom
|   0|0x00000000e0000000, 0x00000000e0100000, 0x00000000e0100000|100%|HS|  |TAMS 0x00000000e0000000| PB 0x00000000e0000000| Complete 
|   1|0x00000000e0100000, 0x00000000e0200000, 0x00000000e0200000|100%|HC|  |TAMS 0x00000000e0100000| PB 0x00000000e0100000| Complete 
|   2|0x00000000e0200000, 0x00000000e0300000, 0x00000000e0300000|100%|HC|  |TAMS 0x00000000e0200000| PB 0x00000000e0200000| Complete 
|   3|0x00000000e0300000, 0x00000000e0400000, 0x00000000e0400000|100%|HC|  |TAMS 0x00000000e0300000| PB 0x00000000e0300000| Complete 
|   4|0x00000000e0400000, 0x00000000e0500000, 0x00000000e0500000|100%| O|  |TAMS 0x00000000e0400000| PB 0x00000000e0400000| Untracked 
|   5|0x00000000e0500000, 0x00000000e0600000, 0x00000000e0600000|100%| O|  |TAMS 0x00000000e0500000| PB 0x00000000e0500000| Untracked 
|   6|0x00000000e0600000, 0x00000000e0700000, 0x00000000e0700000|100%| O|  |TAMS 0x00000000e0600000| PB 0x00000000e0600000| Untracked 
|   7|0x00000000e0700000, 0x00000000e0800000, 0x00000000e0800000|100%| O|  |TAMS 0x00000000e0700000| PB 0x00000000e0700000| Untracked 
|   8|0x00000000e0800000, 0x00000000e0900000, 0x00000000e0900000|100%|HS|  |TAMS 0x00000000e0800000| PB 0x00000000e0800000| Complete 
|   9|0x00000000e0900000, 0x00000000e0a00000, 0x00000000e0a00000|100%| O|  |TAMS 0x00000000e0900000| PB 0x00000000e0900000| Untracked 
|  10|0x00000000e0a00000, 0x00000000e0b00000, 0x00000000e0b00000|100%| O|  |TAMS 0x00000000e0a00000| PB 0x00000000e0a00000| Untracked 
|  11|0x00000000e0b00000, 0x00000000e0c00000, 0x00000000e0c00000|100%| O|  |TAMS 0x00000000e0b00000| PB 0x00000000e0b00000| Untracked 
|  12|0x00000000e0c00000, 0x00000000e0d00000, 0x00000000e0d00000|100%| O|  |TAMS 0x00000000e0c00000| PB 0x00000000e0c00000| Untracked 
|  13|0x00000000e0d00000, 0x00000000e0e00000, 0x00000000e0e00000|100%| O|  |TAMS 0x00000000e0d00000| PB 0x00000000e0d00000| Untracked 
|  14|0x00000000e0e00000, 0x00000000e0f00000, 0x00000000e0f00000|100%| O|  |TAMS 0x00000000e0e00000| PB 0x00000000e0e00000| Untracked 
|  15|0x00000000e0f00000, 0x00000000e1000000, 0x00000000e1000000|100%| O|  |TAMS 0x00000000e0f00000| PB 0x00000000e0f00000| Untracked 
|  16|0x00000000e1000000, 0x00000000e1100000, 0x00000000e1100000|100%| O|  |TAMS 0x00000000e1000000| PB 0x00000000e1000000| Untracked 
|  17|0x00000000e1100000, 0x00000000e1200000, 0x00000000e1200000|100%| O|  |TAMS 0x00000000e1100000| PB 0x00000000e1100000| Untracked 
|  18|0x00000000e1200000, 0x00000000e1300000, 0x00000000e1300000|100%| O|  |TAMS 0x00000000e1200000| PB 0x00000000e1200000| Untracked 
|  19|0x00000000e1300000, 0x00000000e1400000, 0x00000000e1400000|100%| O|  |TAMS 0x00000000e1300000| PB 0x00000000e1300000| Untracked 
|  20|0x00000000e1400000, 0x00000000e1500000, 0x00000000e1500000|100%| O|  |TAMS 0x00000000e1400000| PB 0x00000000e1400000| Untracked 
|  21|0x00000000e1500000, 0x00000000e1600000, 0x00000000e1600000|100%| O|  |TAMS 0x00000000e1500000| PB 0x00000000e1500000| Untracked 
|  22|0x00000000e1600000, 0x00000000e1700000, 0x00000000e1700000|100%| O|  |TAMS 0x00000000e1600000| PB 0x00000000e1600000| Untracked 
|  23|0x00000000e1700000, 0x00000000e1800000, 0x00000000e1800000|100%| O|  |TAMS 0x00000000e1700000| PB 0x00000000e1700000| Untracked 
|  24|0x00000000e1800000, 0x00000000e1900000, 0x00000000e1900000|100%| O|  |TAMS 0x00000000e1800000| PB 0x00000000e1800000| Untracked 
|  25|0x00000000e1900000, 0x00000000e1a00000, 0x00000000e1a00000|100%| O|  |TAMS 0x00000000e1900000| PB 0x00000000e1900000| Untracked 
|  26|0x00000000e1a00000, 0x00000000e1b00000, 0x00000000e1b00000|100%| O|  |TAMS 0x00000000e1a00000| PB 0x00000000e1a00000| Untracked 
|  27|0x00000000e1b00000, 0x00000000e1c00000, 0x00000000e1c00000|100%| O|  |TAMS 0x00000000e1b00000| PB 0x00000000e1b00000| Untracked 
|  28|0x00000000e1c00000, 0x00000000e1d00000, 0x00000000e1d00000|100%| O|  |TAMS 0x00000000e1c00000| PB 0x00000000e1c00000| Untracked 
|  29|0x00000000e1d00000, 0x00000000e1e00000, 0x00000000e1e00000|100%|HS|  |TAMS 0x00000000e1d00000| PB 0x00000000e1d00000| Complete 
|  30|0x00000000e1e00000, 0x00000000e1f00000, 0x00000000e1f00000|100%|HC|  |TAMS 0x00000000e1e00000| PB 0x00000000e1e00000| Complete 
|  31|0x00000000e1f00000, 0x00000000e2000000, 0x00000000e2000000|100%| O|  |TAMS 0x00000000e1f00000| PB 0x00000000e1f00000| Untracked 
|  32|0x00000000e2000000, 0x00000000e2100000, 0x00000000e2100000|100%| O|  |TAMS 0x00000000e2000000| PB 0x00000000e2000000| Untracked 
|  33|0x00000000e2100000, 0x00000000e2200000, 0x00000000e2200000|100%| O|  |TAMS 0x00000000e2100000| PB 0x00000000e2100000| Untracked 
|  34|0x00000000e2200000, 0x00000000e2300000, 0x00000000e2300000|100%| O|  |TAMS 0x00000000e2200000| PB 0x00000000e2200000| Untracked 
|  35|0x00000000e2300000, 0x00000000e2400000, 0x00000000e2400000|100%| O|  |TAMS 0x00000000e2300000| PB 0x00000000e2300000| Untracked 
|  36|0x00000000e2400000, 0x00000000e2500000, 0x00000000e2500000|100%| O|  |TAMS 0x00000000e2400000| PB 0x00000000e2400000| Untracked 
|  37|0x00000000e2500000, 0x00000000e2600000, 0x00000000e2600000|100%| O|  |TAMS 0x00000000e2500000| PB 0x00000000e2500000| Untracked 
|  38|0x00000000e2600000, 0x00000000e2700000, 0x00000000e2700000|100%| O|  |TAMS 0x00000000e2600000| PB 0x00000000e2600000| Untracked 
|  39|0x00000000e2700000, 0x00000000e2800000, 0x00000000e2800000|100%| O|  |TAMS 0x00000000e2700000| PB 0x00000000e2700000| Untracked 
|  40|0x00000000e2800000, 0x00000000e2900000, 0x00000000e2900000|100%| O|  |TAMS 0x00000000e2800000| PB 0x00000000e2800000| Untracked 
|  41|0x00000000e2900000, 0x00000000e2a00000, 0x00000000e2a00000|100%| O|  |TAMS 0x00000000e2900000| PB 0x00000000e2900000| Untracked 
|  42|0x00000000e2a00000, 0x00000000e2b00000, 0x00000000e2b00000|100%| O|  |TAMS 0x00000000e2a00000| PB 0x00000000e2a00000| Untracked 
|  43|0x00000000e2b00000, 0x00000000e2c00000, 0x00000000e2c00000|100%| O|  |TAMS 0x00000000e2b00000| PB 0x00000000e2b00000| Untracked 
|  44|0x00000000e2c00000, 0x00000000e2d00000, 0x00000000e2d00000|100%| O|  |TAMS 0x00000000e2c00000| PB 0x00000000e2c00000| Untracked 
|  45|0x00000000e2d00000, 0x00000000e2e00000, 0x00000000e2e00000|100%| O|  |TAMS 0x00000000e2d00000| PB 0x00000000e2d00000| Untracked 
|  46|0x00000000e2e00000, 0x00000000e2f00000, 0x00000000e2f00000|100%| O|  |TAMS 0x00000000e2e00000| PB 0x00000000e2e00000| Untracked 
|  47|0x00000000e2f00000, 0x00000000e3000000, 0x00000000e3000000|100%| O|  |TAMS 0x00000000e2f00000| PB 0x00000000e2f00000| Untracked 
|  48|0x00000000e3000000, 0x00000000e3100000, 0x00000000e3100000|100%| O|  |TAMS 0x00000000e3000000| PB 0x00000000e3000000| Untracked 
|  49|0x00000000e3100000, 0x00000000e3200000, 0x00000000e3200000|100%| O|  |TAMS 0x00000000e3100000| PB 0x00000000e3100000| Untracked 
|  50|0x00000000e3200000, 0x00000000e3300000, 0x00000000e3300000|100%| O|  |TAMS 0x00000000e3200000| PB 0x00000000e3200000| Untracked 
|  51|0x00000000e3300000, 0x00000000e3400000, 0x00000000e3400000|100%| O|  |TAMS 0x00000000e3300000| PB 0x00000000e3300000| Untracked 
|  52|0x00000000e3400000, 0x00000000e3500000, 0x00000000e3500000|100%| O|  |TAMS 0x00000000e3400000| PB 0x00000000e3400000| Untracked 
|  53|0x00000000e3500000, 0x00000000e3600000, 0x00000000e3600000|100%| O|Cm|TAMS 0x00000000e3500000| PB 0x00000000e3500000| Complete 
|  54|0x00000000e3600000, 0x00000000e3700000, 0x00000000e3700000|100%| O|  |TAMS 0x00000000e3600000| PB 0x00000000e3600000| Untracked 
|  55|0x00000000e3700000, 0x00000000e3800000, 0x00000000e3800000|100%| O|Cm|TAMS 0x00000000e3700000| PB 0x00000000e3700000| Complete 
|  56|0x00000000e3800000, 0x00000000e3900000, 0x00000000e3900000|100%| O|  |TAMS 0x00000000e3800000| PB 0x00000000e3800000| Untracked 
|  57|0x00000000e3900000, 0x00000000e3a00000, 0x00000000e3a00000|100%| O|  |TAMS 0x00000000e3900000| PB 0x00000000e3900000| Untracked 
|  58|0x00000000e3a00000, 0x00000000e3b00000, 0x00000000e3b00000|100%| O|  |TAMS 0x00000000e3a00000| PB 0x00000000e3a00000| Untracked 
|  59|0x00000000e3b00000, 0x00000000e3c00000, 0x00000000e3c00000|100%| O|  |TAMS 0x00000000e3b00000| PB 0x00000000e3b00000| Untracked 
|  60|0x00000000e3c00000, 0x00000000e3d00000, 0x00000000e3d00000|100%| O|  |TAMS 0x00000000e3c00000| PB 0x00000000e3c00000| Untracked 
|  61|0x00000000e3d00000, 0x00000000e3e00000, 0x00000000e3e00000|100%| O|  |TAMS 0x00000000e3d00000| PB 0x00000000e3d00000| Untracked 
|  62|0x00000000e3e00000, 0x00000000e3f00000, 0x00000000e3f00000|100%| O|  |TAMS 0x00000000e3e00000| PB 0x00000000e3e00000| Untracked 
|  63|0x00000000e3f00000, 0x00000000e4000000, 0x00000000e4000000|100%| O|  |TAMS 0x00000000e3f00000| PB 0x00000000e3f00000| Untracked 
|  64|0x00000000e4000000, 0x00000000e4100000, 0x00000000e4100000|100%| O|  |TAMS 0x00000000e4000000| PB 0x00000000e4000000| Untracked 
|  65|0x00000000e4100000, 0x00000000e4200000, 0x00000000e4200000|100%| O|  |TAMS 0x00000000e4100000| PB 0x00000000e4100000| Untracked 
|  66|0x00000000e4200000, 0x00000000e4300000, 0x00000000e4300000|100%| O|  |TAMS 0x00000000e4200000| PB 0x00000000e4200000| Untracked 
|  67|0x00000000e4300000, 0x00000000e4400000, 0x00000000e4400000|100%| O|  |TAMS 0x00000000e4300000| PB 0x00000000e4300000| Untracked 
|  68|0x00000000e4400000, 0x00000000e4500000, 0x00000000e4500000|100%| O|  |TAMS 0x00000000e4400000| PB 0x00000000e4400000| Untracked 
|  69|0x00000000e4500000, 0x00000000e4600000, 0x00000000e4600000|100%| O|  |TAMS 0x00000000e4500000| PB 0x00000000e4500000| Untracked 
|  70|0x00000000e4600000, 0x00000000e4700000, 0x00000000e4700000|100%| O|  |TAMS 0x00000000e4600000| PB 0x00000000e4600000| Untracked 
|  71|0x00000000e4700000, 0x00000000e4800000, 0x00000000e4800000|100%| O|  |TAMS 0x00000000e4700000| PB 0x00000000e4700000| Untracked 
|  72|0x00000000e4800000, 0x00000000e4900000, 0x00000000e4900000|100%| O|  |TAMS 0x00000000e4800000| PB 0x00000000e4800000| Untracked 
|  73|0x00000000e4900000, 0x00000000e4a00000, 0x00000000e4a00000|100%| O|  |TAMS 0x00000000e4900000| PB 0x00000000e4900000| Untracked 
|  74|0x00000000e4a00000, 0x00000000e4b00000, 0x00000000e4b00000|100%| O|  |TAMS 0x00000000e4a00000| PB 0x00000000e4a00000| Untracked 
|  75|0x00000000e4b00000, 0x00000000e4c00000, 0x00000000e4c00000|100%|HS|  |TAMS 0x00000000e4b00000| PB 0x00000000e4b00000| Complete 
|  76|0x00000000e4c00000, 0x00000000e4d00000, 0x00000000e4d00000|100%|HC|  |TAMS 0x00000000e4c00000| PB 0x00000000e4c00000| Complete 
|  77|0x00000000e4d00000, 0x00000000e4e00000, 0x00000000e4e00000|100%|HS|  |TAMS 0x00000000e4d00000| PB 0x00000000e4d00000| Complete 
|  78|0x00000000e4e00000, 0x00000000e4f00000, 0x00000000e4f00000|100%|HC|  |TAMS 0x00000000e4e00000| PB 0x00000000e4e00000| Complete 
|  79|0x00000000e4f00000, 0x00000000e5000000, 0x00000000e5000000|100%| O|  |TAMS 0x00000000e4f00000| PB 0x00000000e4f00000| Untracked 
|  80|0x00000000e5000000, 0x00000000e5100000, 0x00000000e5100000|100%| O|  |TAMS 0x00000000e5000000| PB 0x00000000e5000000| Untracked 
|  81|0x00000000e5100000, 0x00000000e5200000, 0x00000000e5200000|100%| O|  |TAMS 0x00000000e5100000| PB 0x00000000e5100000| Untracked 
|  82|0x00000000e5200000, 0x00000000e5300000, 0x00000000e5300000|100%| O|  |TAMS 0x00000000e5200000| PB 0x00000000e5200000| Untracked 
|  83|0x00000000e5300000, 0x00000000e5400000, 0x00000000e5400000|100%| O|  |TAMS 0x00000000e5300000| PB 0x00000000e5300000| Untracked 
|  84|0x00000000e5400000, 0x00000000e5500000, 0x00000000e5500000|100%| O|  |TAMS 0x00000000e5400000| PB 0x00000000e5400000| Untracked 
|  85|0x00000000e5500000, 0x00000000e5600000, 0x00000000e5600000|100%| O|  |TAMS 0x00000000e5500000| PB 0x00000000e5500000| Untracked 
|  86|0x00000000e5600000, 0x00000000e5700000, 0x00000000e5700000|100%| O|  |TAMS 0x00000000e5600000| PB 0x00000000e5600000| Untracked 
|  87|0x00000000e5700000, 0x00000000e5800000, 0x00000000e5800000|100%| O|  |TAMS 0x00000000e5700000| PB 0x00000000e5700000| Untracked 
|  88|0x00000000e5800000, 0x00000000e5900000, 0x00000000e5900000|100%| O|  |TAMS 0x00000000e5800000| PB 0x00000000e5800000| Untracked 
|  89|0x00000000e5900000, 0x00000000e5a00000, 0x00000000e5a00000|100%| O|  |TAMS 0x00000000e5900000| PB 0x00000000e5900000| Untracked 
|  90|0x00000000e5a00000, 0x00000000e5b00000, 0x00000000e5b00000|100%| O|  |TAMS 0x00000000e5a00000| PB 0x00000000e5a00000| Untracked 
|  91|0x00000000e5b00000, 0x00000000e5c00000, 0x00000000e5c00000|100%| O|  |TAMS 0x00000000e5b00000| PB 0x00000000e5b00000| Untracked 
|  92|0x00000000e5c00000, 0x00000000e5d00000, 0x00000000e5d00000|100%| O|  |TAMS 0x00000000e5c00000| PB 0x00000000e5c00000| Untracked 
|  93|0x00000000e5d00000, 0x00000000e5e00000, 0x00000000e5e00000|100%| O|  |TAMS 0x00000000e5d00000| PB 0x00000000e5d00000| Untracked 
|  94|0x00000000e5e00000, 0x00000000e5f00000, 0x00000000e5f00000|100%| O|  |TAMS 0x00000000e5e00000| PB 0x00000000e5e00000| Untracked 
|  95|0x00000000e5f00000, 0x00000000e6000000, 0x00000000e6000000|100%| O|Cm|TAMS 0x00000000e5f00000| PB 0x00000000e5f00000| Complete 
|  96|0x00000000e6000000, 0x00000000e6100000, 0x00000000e6100000|100%| O|  |TAMS 0x00000000e6000000| PB 0x00000000e6000000| Untracked 
|  97|0x00000000e6100000, 0x00000000e6200000, 0x00000000e6200000|100%| O|  |TAMS 0x00000000e6100000| PB 0x00000000e6100000| Untracked 
|  98|0x00000000e6200000, 0x00000000e6300000, 0x00000000e6300000|100%| O|  |TAMS 0x00000000e6200000| PB 0x00000000e6200000| Untracked 
|  99|0x00000000e6300000, 0x00000000e6400000, 0x00000000e6400000|100%| O|  |TAMS 0x00000000e6300000| PB 0x00000000e6300000| Untracked 
| 100|0x00000000e6400000, 0x00000000e6500000, 0x00000000e6500000|100%| O|  |TAMS 0x00000000e6400000| PB 0x00000000e6400000| Untracked 
| 101|0x00000000e6500000, 0x00000000e6600000, 0x00000000e6600000|100%| O|  |TAMS 0x00000000e6500000| PB 0x00000000e6500000| Untracked 
| 102|0x00000000e6600000, 0x00000000e6700000, 0x00000000e6700000|100%| O|  |TAMS 0x00000000e6600000| PB 0x00000000e6600000| Untracked 
| 103|0x00000000e6700000, 0x00000000e6800000, 0x00000000e6800000|100%| O|  |TAMS 0x00000000e6700000| PB 0x00000000e6700000| Untracked 
| 104|0x00000000e6800000, 0x00000000e6900000, 0x00000000e6900000|100%| O|  |TAMS 0x00000000e6800000| PB 0x00000000e6800000| Untracked 
| 105|0x00000000e6900000, 0x00000000e6a00000, 0x00000000e6a00000|100%| O|  |TAMS 0x00000000e6900000| PB 0x00000000e6900000| Untracked 
| 106|0x00000000e6a00000, 0x00000000e6b00000, 0x00000000e6b00000|100%| O|  |TAMS 0x00000000e6a00000| PB 0x00000000e6a00000| Untracked 
| 107|0x00000000e6b00000, 0x00000000e6c00000, 0x00000000e6c00000|100%| O|Cm|TAMS 0x00000000e6b00000| PB 0x00000000e6b00000| Complete 
| 108|0x00000000e6c00000, 0x00000000e6d00000, 0x00000000e6d00000|100%| O|  |TAMS 0x00000000e6c00000| PB 0x00000000e6c00000| Untracked 
| 109|0x00000000e6d00000, 0x00000000e6e00000, 0x00000000e6e00000|100%| O|  |TAMS 0x00000000e6d00000| PB 0x00000000e6d00000| Untracked 
| 110|0x00000000e6e00000, 0x00000000e6f00000, 0x00000000e6f00000|100%| O|  |TAMS 0x00000000e6e00000| PB 0x00000000e6e00000| Untracked 
| 111|0x00000000e6f00000, 0x00000000e7000000, 0x00000000e7000000|100%| O|  |TAMS 0x00000000e6f00000| PB 0x00000000e6f00000| Untracked 
| 112|0x00000000e7000000, 0x00000000e7100000, 0x00000000e7100000|100%| O|  |TAMS 0x00000000e7000000| PB 0x00000000e7000000| Untracked 
| 113|0x00000000e7100000, 0x00000000e7200000, 0x00000000e7200000|100%| O|  |TAMS 0x00000000e7100000| PB 0x00000000e7100000| Untracked 
| 114|0x00000000e7200000, 0x00000000e7300000, 0x00000000e7300000|100%| O|  |TAMS 0x00000000e7200000| PB 0x00000000e7200000| Untracked 
| 115|0x00000000e7300000, 0x00000000e7400000, 0x00000000e7400000|100%| O|  |TAMS 0x00000000e7300000| PB 0x00000000e7300000| Untracked 
| 116|0x00000000e7400000, 0x00000000e7500000, 0x00000000e7500000|100%| O|  |TAMS 0x00000000e7400000| PB 0x00000000e7400000| Untracked 
| 117|0x00000000e7500000, 0x00000000e7600000, 0x00000000e7600000|100%| O|  |TAMS 0x00000000e7500000| PB 0x00000000e7500000| Untracked 
| 118|0x00000000e7600000, 0x00000000e7700000, 0x00000000e7700000|100%| O|  |TAMS 0x00000000e7600000| PB 0x00000000e7600000| Untracked 
| 119|0x00000000e7700000, 0x00000000e7800000, 0x00000000e7800000|100%| O|  |TAMS 0x00000000e7700000| PB 0x00000000e7700000| Untracked 
| 120|0x00000000e7800000, 0x00000000e7900000, 0x00000000e7900000|100%| O|  |TAMS 0x00000000e7800000| PB 0x00000000e7800000| Untracked 
| 121|0x00000000e7900000, 0x00000000e7a00000, 0x00000000e7a00000|100%| O|  |TAMS 0x00000000e7900000| PB 0x00000000e7900000| Untracked 
| 122|0x00000000e7a00000, 0x00000000e7b00000, 0x00000000e7b00000|100%| O|  |TAMS 0x00000000e7a00000| PB 0x00000000e7a00000| Untracked 
| 123|0x00000000e7b00000, 0x00000000e7c00000, 0x00000000e7c00000|100%| O|  |TAMS 0x00000000e7b00000| PB 0x00000000e7b00000| Untracked 
| 124|0x00000000e7c00000, 0x00000000e7d00000, 0x00000000e7d00000|100%| O|  |TAMS 0x00000000e7c00000| PB 0x00000000e7c00000| Untracked 
| 125|0x00000000e7d00000, 0x00000000e7deb998, 0x00000000e7e00000| 92%| O|  |TAMS 0x00000000e7d00000| PB 0x00000000e7d00000| Untracked 
| 126|0x00000000e7e00000, 0x00000000e7f00000, 0x00000000e7f00000|100%| O|  |TAMS 0x00000000e7e00000| PB 0x00000000e7e00000| Untracked 
| 127|0x00000000e7f00000, 0x00000000e7f00000, 0x00000000e8000000|  0%| F|  |TAMS 0x00000000e7f00000| PB 0x00000000e7f00000| Untracked 
| 128|0x00000000e8000000, 0x00000000e8000000, 0x00000000e8100000|  0%| F|  |TAMS 0x00000000e8000000| PB 0x00000000e8000000| Untracked 
| 129|0x00000000e8100000, 0x00000000e8100000, 0x00000000e8200000|  0%| F|  |TAMS 0x00000000e8100000| PB 0x00000000e8100000| Untracked 
| 130|0x00000000e8200000, 0x00000000e8200000, 0x00000000e8300000|  0%| F|  |TAMS 0x00000000e8200000| PB 0x00000000e8200000| Untracked 
| 131|0x00000000e8300000, 0x00000000e8300000, 0x00000000e8400000|  0%| F|  |TAMS 0x00000000e8300000| PB 0x00000000e8300000| Untracked 
| 132|0x00000000e8400000, 0x00000000e8400000, 0x00000000e8500000|  0%| F|  |TAMS 0x00000000e8400000| PB 0x00000000e8400000| Untracked 
| 133|0x00000000e8500000, 0x00000000e8500000, 0x00000000e8600000|  0%| F|  |TAMS 0x00000000e8500000| PB 0x00000000e8500000| Untracked 
| 134|0x00000000e8600000, 0x00000000e8600000, 0x00000000e8700000|  0%| F|  |TAMS 0x00000000e8600000| PB 0x00000000e8600000| Untracked 
| 135|0x00000000e8700000, 0x00000000e8700000, 0x00000000e8800000|  0%| F|  |TAMS 0x00000000e8700000| PB 0x00000000e8700000| Untracked 
| 136|0x00000000e8800000, 0x00000000e8800000, 0x00000000e8900000|  0%| F|  |TAMS 0x00000000e8800000| PB 0x00000000e8800000| Untracked 
| 137|0x00000000e8900000, 0x00000000e8900000, 0x00000000e8a00000|  0%| F|  |TAMS 0x00000000e8900000| PB 0x00000000e8900000| Untracked 
| 138|0x00000000e8a00000, 0x00000000e8a00000, 0x00000000e8b00000|  0%| F|  |TAMS 0x00000000e8a00000| PB 0x00000000e8a00000| Untracked 
| 139|0x00000000e8b00000, 0x00000000e8b00000, 0x00000000e8c00000|  0%| F|  |TAMS 0x00000000e8b00000| PB 0x00000000e8b00000| Untracked 
| 140|0x00000000e8c00000, 0x00000000e8c00000, 0x00000000e8d00000|  0%| F|  |TAMS 0x00000000e8c00000| PB 0x00000000e8c00000| Untracked 
| 141|0x00000000e8d00000, 0x00000000e8d00000, 0x00000000e8e00000|  0%| F|  |TAMS 0x00000000e8d00000| PB 0x00000000e8d00000| Untracked 
| 142|0x00000000e8e00000, 0x00000000e8e00000, 0x00000000e8f00000|  0%| F|  |TAMS 0x00000000e8e00000| PB 0x00000000e8e00000| Untracked 
| 143|0x00000000e8f00000, 0x00000000e8f00000, 0x00000000e9000000|  0%| F|  |TAMS 0x00000000e8f00000| PB 0x00000000e8f00000| Untracked 
| 144|0x00000000e9000000, 0x00000000e9000000, 0x00000000e9100000|  0%| F|  |TAMS 0x00000000e9000000| PB 0x00000000e9000000| Untracked 
| 145|0x00000000e9100000, 0x00000000e9100000, 0x00000000e9200000|  0%| F|  |TAMS 0x00000000e9100000| PB 0x00000000e9100000| Untracked 
| 146|0x00000000e9200000, 0x00000000e9200000, 0x00000000e9300000|  0%| F|  |TAMS 0x00000000e9200000| PB 0x00000000e9200000| Untracked 
| 147|0x00000000e9300000, 0x00000000e9300000, 0x00000000e9400000|  0%| F|  |TAMS 0x00000000e9300000| PB 0x00000000e9300000| Untracked 
| 148|0x00000000e9400000, 0x00000000e9400000, 0x00000000e9500000|  0%| F|  |TAMS 0x00000000e9400000| PB 0x00000000e9400000| Untracked 
| 149|0x00000000e9500000, 0x00000000e95ef0d0, 0x00000000e9600000| 93%| S|CS|TAMS 0x00000000e9500000| PB 0x00000000e9500000| Complete 
| 150|0x00000000e9600000, 0x00000000e9600000, 0x00000000e9700000|  0%| F|  |TAMS 0x00000000e9600000| PB 0x00000000e9600000| Untracked 
| 151|0x00000000e9700000, 0x00000000e9800000, 0x00000000e9800000|100%| E|  |TAMS 0x00000000e9700000| PB 0x00000000e9700000| Complete 
| 152|0x00000000e9800000, 0x00000000e9900000, 0x00000000e9900000|100%| E|CS|TAMS 0x00000000e9800000| PB 0x00000000e9800000| Complete 
| 153|0x00000000e9900000, 0x00000000e9a00000, 0x00000000e9a00000|100%| E|CS|TAMS 0x00000000e9900000| PB 0x00000000e9900000| Complete 
| 154|0x00000000e9a00000, 0x00000000e9b00000, 0x00000000e9b00000|100%| E|CS|TAMS 0x00000000e9a00000| PB 0x00000000e9a00000| Complete 
| 155|0x00000000e9b00000, 0x00000000e9c00000, 0x00000000e9c00000|100%| E|CS|TAMS 0x00000000e9b00000| PB 0x00000000e9b00000| Complete 
| 156|0x00000000e9c00000, 0x00000000e9d00000, 0x00000000e9d00000|100%| E|CS|TAMS 0x00000000e9c00000| PB 0x00000000e9c00000| Complete 
| 157|0x00000000e9d00000, 0x00000000e9e00000, 0x00000000e9e00000|100%| E|CS|TAMS 0x00000000e9d00000| PB 0x00000000e9d00000| Complete 
| 158|0x00000000e9e00000, 0x00000000e9f00000, 0x00000000e9f00000|100%| E|CS|TAMS 0x00000000e9e00000| PB 0x00000000e9e00000| Complete 
| 159|0x00000000e9f00000, 0x00000000ea000000, 0x00000000ea000000|100%| E|CS|TAMS 0x00000000e9f00000| PB 0x00000000e9f00000| Complete 
| 160|0x00000000ea000000, 0x00000000ea100000, 0x00000000ea100000|100%| E|CS|TAMS 0x00000000ea000000| PB 0x00000000ea000000| Complete 
| 161|0x00000000ea100000, 0x00000000ea200000, 0x00000000ea200000|100%| E|CS|TAMS 0x00000000ea100000| PB 0x00000000ea100000| Complete 
| 162|0x00000000ea200000, 0x00000000ea300000, 0x00000000ea300000|100%| E|CS|TAMS 0x00000000ea200000| PB 0x00000000ea200000| Complete 
| 163|0x00000000ea300000, 0x00000000ea400000, 0x00000000ea400000|100%| E|CS|TAMS 0x00000000ea300000| PB 0x00000000ea300000| Complete 
| 164|0x00000000ea400000, 0x00000000ea500000, 0x00000000ea500000|100%| E|CS|TAMS 0x00000000ea400000| PB 0x00000000ea400000| Complete 
| 165|0x00000000ea500000, 0x00000000ea600000, 0x00000000ea600000|100%| E|CS|TAMS 0x00000000ea500000| PB 0x00000000ea500000| Complete 
| 166|0x00000000ea600000, 0x00000000ea700000, 0x00000000ea700000|100%| E|CS|TAMS 0x00000000ea600000| PB 0x00000000ea600000| Complete 
| 167|0x00000000ea700000, 0x00000000ea800000, 0x00000000ea800000|100%| E|CS|TAMS 0x00000000ea700000| PB 0x00000000ea700000| Complete 
| 168|0x00000000ea800000, 0x00000000ea900000, 0x00000000ea900000|100%| E|CS|TAMS 0x00000000ea800000| PB 0x00000000ea800000| Complete 
| 169|0x00000000ea900000, 0x00000000eaa00000, 0x00000000eaa00000|100%| E|CS|TAMS 0x00000000ea900000| PB 0x00000000ea900000| Complete 
| 170|0x00000000eaa00000, 0x00000000eab00000, 0x00000000eab00000|100%| E|CS|TAMS 0x00000000eaa00000| PB 0x00000000eaa00000| Complete 
| 171|0x00000000eab00000, 0x00000000eac00000, 0x00000000eac00000|100%| E|CS|TAMS 0x00000000eab00000| PB 0x00000000eab00000| Complete 
| 172|0x00000000eac00000, 0x00000000ead00000, 0x00000000ead00000|100%| E|CS|TAMS 0x00000000eac00000| PB 0x00000000eac00000| Complete 
| 173|0x00000000ead00000, 0x00000000eae00000, 0x00000000eae00000|100%| E|CS|TAMS 0x00000000ead00000| PB 0x00000000ead00000| Complete 
| 174|0x00000000eae00000, 0x00000000eaf00000, 0x00000000eaf00000|100%| E|CS|TAMS 0x00000000eae00000| PB 0x00000000eae00000| Complete 
| 175|0x00000000eaf00000, 0x00000000eb000000, 0x00000000eb000000|100%| E|CS|TAMS 0x00000000eaf00000| PB 0x00000000eaf00000| Complete 
| 176|0x00000000eb000000, 0x00000000eb100000, 0x00000000eb100000|100%| E|CS|TAMS 0x00000000eb000000| PB 0x00000000eb000000| Complete 
| 177|0x00000000eb100000, 0x00000000eb200000, 0x00000000eb200000|100%| E|CS|TAMS 0x00000000eb100000| PB 0x00000000eb100000| Complete 
| 178|0x00000000eb200000, 0x00000000eb300000, 0x00000000eb300000|100%| E|CS|TAMS 0x00000000eb200000| PB 0x00000000eb200000| Complete 
| 179|0x00000000eb300000, 0x00000000eb400000, 0x00000000eb400000|100%| E|CS|TAMS 0x00000000eb300000| PB 0x00000000eb300000| Complete 
| 180|0x00000000eb400000, 0x00000000eb500000, 0x00000000eb500000|100%| E|CS|TAMS 0x00000000eb400000| PB 0x00000000eb400000| Complete 
| 181|0x00000000eb500000, 0x00000000eb600000, 0x00000000eb600000|100%| E|CS|TAMS 0x00000000eb500000| PB 0x00000000eb500000| Complete 
| 182|0x00000000eb600000, 0x00000000eb700000, 0x00000000eb700000|100%| E|CS|TAMS 0x00000000eb600000| PB 0x00000000eb600000| Complete 
| 183|0x00000000eb700000, 0x00000000eb800000, 0x00000000eb800000|100%| E|CS|TAMS 0x00000000eb700000| PB 0x00000000eb700000| Complete 
| 184|0x00000000eb800000, 0x00000000eb900000, 0x00000000eb900000|100%| E|CS|TAMS 0x00000000eb800000| PB 0x00000000eb800000| Complete 
| 185|0x00000000eb900000, 0x00000000eba00000, 0x00000000eba00000|100%| E|CS|TAMS 0x00000000eb900000| PB 0x00000000eb900000| Complete 
| 186|0x00000000eba00000, 0x00000000ebb00000, 0x00000000ebb00000|100%| E|CS|TAMS 0x00000000eba00000| PB 0x00000000eba00000| Complete 
| 187|0x00000000ebb00000, 0x00000000ebc00000, 0x00000000ebc00000|100%| E|CS|TAMS 0x00000000ebb00000| PB 0x00000000ebb00000| Complete 
| 188|0x00000000ebc00000, 0x00000000ebd00000, 0x00000000ebd00000|100%| E|CS|TAMS 0x00000000ebc00000| PB 0x00000000ebc00000| Complete 
| 189|0x00000000ebd00000, 0x00000000ebe00000, 0x00000000ebe00000|100%| E|CS|TAMS 0x00000000ebd00000| PB 0x00000000ebd00000| Complete 
| 190|0x00000000ebe00000, 0x00000000ebf00000, 0x00000000ebf00000|100%| E|CS|TAMS 0x00000000ebe00000| PB 0x00000000ebe00000| Complete 
| 191|0x00000000ebf00000, 0x00000000ec000000, 0x00000000ec000000|100%| E|CS|TAMS 0x00000000ebf00000| PB 0x00000000ebf00000| Complete 
| 192|0x00000000ec000000, 0x00000000ec100000, 0x00000000ec100000|100%| E|CS|TAMS 0x00000000ec000000| PB 0x00000000ec000000| Complete 
| 193|0x00000000ec100000, 0x00000000ec200000, 0x00000000ec200000|100%| E|CS|TAMS 0x00000000ec100000| PB 0x00000000ec100000| Complete 
| 194|0x00000000ec200000, 0x00000000ec300000, 0x00000000ec300000|100%| E|CS|TAMS 0x00000000ec200000| PB 0x00000000ec200000| Complete 
| 195|0x00000000ec300000, 0x00000000ec400000, 0x00000000ec400000|100%| E|CS|TAMS 0x00000000ec300000| PB 0x00000000ec300000| Complete 
| 196|0x00000000ec400000, 0x00000000ec500000, 0x00000000ec500000|100%| E|CS|TAMS 0x00000000ec400000| PB 0x00000000ec400000| Complete 
| 197|0x00000000ec500000, 0x00000000ec600000, 0x00000000ec600000|100%| E|CS|TAMS 0x00000000ec500000| PB 0x00000000ec500000| Complete 
| 198|0x00000000ec600000, 0x00000000ec700000, 0x00000000ec700000|100%| E|CS|TAMS 0x00000000ec600000| PB 0x00000000ec600000| Complete 
| 199|0x00000000ec700000, 0x00000000ec800000, 0x00000000ec800000|100%| E|CS|TAMS 0x00000000ec700000| PB 0x00000000ec700000| Complete 
| 200|0x00000000ec800000, 0x00000000ec900000, 0x00000000ec900000|100%| E|CS|TAMS 0x00000000ec800000| PB 0x00000000ec800000| Complete 
| 201|0x00000000ec900000, 0x00000000eca00000, 0x00000000eca00000|100%| E|CS|TAMS 0x00000000ec900000| PB 0x00000000ec900000| Complete 
| 202|0x00000000eca00000, 0x00000000ecb00000, 0x00000000ecb00000|100%| E|CS|TAMS 0x00000000eca00000| PB 0x00000000eca00000| Complete 
| 203|0x00000000ecb00000, 0x00000000ecc00000, 0x00000000ecc00000|100%| E|CS|TAMS 0x00000000ecb00000| PB 0x00000000ecb00000| Complete 
| 204|0x00000000ecc00000, 0x00000000ecd00000, 0x00000000ecd00000|100%| E|CS|TAMS 0x00000000ecc00000| PB 0x00000000ecc00000| Complete 
| 205|0x00000000ecd00000, 0x00000000ece00000, 0x00000000ece00000|100%| E|CS|TAMS 0x00000000ecd00000| PB 0x00000000ecd00000| Complete 
| 206|0x00000000ece00000, 0x00000000ecf00000, 0x00000000ecf00000|100%| E|CS|TAMS 0x00000000ece00000| PB 0x00000000ece00000| Complete 
| 207|0x00000000ecf00000, 0x00000000ed000000, 0x00000000ed000000|100%| E|CS|TAMS 0x00000000ecf00000| PB 0x00000000ecf00000| Complete 
| 208|0x00000000ed000000, 0x00000000ed100000, 0x00000000ed100000|100%| E|CS|TAMS 0x00000000ed000000| PB 0x00000000ed000000| Complete 
| 209|0x00000000ed100000, 0x00000000ed200000, 0x00000000ed200000|100%| E|CS|TAMS 0x00000000ed100000| PB 0x00000000ed100000| Complete 
| 210|0x00000000ed200000, 0x00000000ed300000, 0x00000000ed300000|100%| E|CS|TAMS 0x00000000ed200000| PB 0x00000000ed200000| Complete 
| 211|0x00000000ed300000, 0x00000000ed400000, 0x00000000ed400000|100%| E|CS|TAMS 0x00000000ed300000| PB 0x00000000ed300000| Complete 
| 212|0x00000000ed400000, 0x00000000ed500000, 0x00000000ed500000|100%| E|CS|TAMS 0x00000000ed400000| PB 0x00000000ed400000| Complete 
| 213|0x00000000ed500000, 0x00000000ed600000, 0x00000000ed600000|100%| E|CS|TAMS 0x00000000ed500000| PB 0x00000000ed500000| Complete 
| 214|0x00000000ed600000, 0x00000000ed700000, 0x00000000ed700000|100%| E|CS|TAMS 0x00000000ed600000| PB 0x00000000ed600000| Complete 
| 215|0x00000000ed700000, 0x00000000ed800000, 0x00000000ed800000|100%| E|CS|TAMS 0x00000000ed700000| PB 0x00000000ed700000| Complete 
| 216|0x00000000ed800000, 0x00000000ed900000, 0x00000000ed900000|100%| E|CS|TAMS 0x00000000ed800000| PB 0x00000000ed800000| Complete 
| 217|0x00000000ed900000, 0x00000000eda00000, 0x00000000eda00000|100%| E|CS|TAMS 0x00000000ed900000| PB 0x00000000ed900000| Complete 
| 218|0x00000000eda00000, 0x00000000edb00000, 0x00000000edb00000|100%| E|CS|TAMS 0x00000000eda00000| PB 0x00000000eda00000| Complete 
| 219|0x00000000edb00000, 0x00000000edc00000, 0x00000000edc00000|100%| E|CS|TAMS 0x00000000edb00000| PB 0x00000000edb00000| Complete 
| 220|0x00000000edc00000, 0x00000000edd00000, 0x00000000edd00000|100%| E|CS|TAMS 0x00000000edc00000| PB 0x00000000edc00000| Complete 
| 221|0x00000000edd00000, 0x00000000ede00000, 0x00000000ede00000|100%| E|CS|TAMS 0x00000000edd00000| PB 0x00000000edd00000| Complete 
| 222|0x00000000ede00000, 0x00000000edf00000, 0x00000000edf00000|100%| E|CS|TAMS 0x00000000ede00000| PB 0x00000000ede00000| Complete 
| 223|0x00000000edf00000, 0x00000000ee000000, 0x00000000ee000000|100%| E|CS|TAMS 0x00000000edf00000| PB 0x00000000edf00000| Complete 
| 224|0x00000000ee000000, 0x00000000ee100000, 0x00000000ee100000|100%| E|CS|TAMS 0x00000000ee000000| PB 0x00000000ee000000| Complete 
| 225|0x00000000ee100000, 0x00000000ee200000, 0x00000000ee200000|100%| E|CS|TAMS 0x00000000ee100000| PB 0x00000000ee100000| Complete 
| 226|0x00000000ee200000, 0x00000000ee300000, 0x00000000ee300000|100%| E|CS|TAMS 0x00000000ee200000| PB 0x00000000ee200000| Complete 
| 227|0x00000000ee300000, 0x00000000ee400000, 0x00000000ee400000|100%| E|CS|TAMS 0x00000000ee300000| PB 0x00000000ee300000| Complete 
| 228|0x00000000ee400000, 0x00000000ee500000, 0x00000000ee500000|100%| E|CS|TAMS 0x00000000ee400000| PB 0x00000000ee400000| Complete 
| 229|0x00000000ee500000, 0x00000000ee600000, 0x00000000ee600000|100%| E|CS|TAMS 0x00000000ee500000| PB 0x00000000ee500000| Complete 
| 230|0x00000000ee600000, 0x00000000ee700000, 0x00000000ee700000|100%| E|CS|TAMS 0x00000000ee600000| PB 0x00000000ee600000| Complete 
| 231|0x00000000ee700000, 0x00000000ee800000, 0x00000000ee800000|100%| E|CS|TAMS 0x00000000ee700000| PB 0x00000000ee700000| Complete 
| 232|0x00000000ee800000, 0x00000000ee900000, 0x00000000ee900000|100%| E|CS|TAMS 0x00000000ee800000| PB 0x00000000ee800000| Complete 
| 233|0x00000000ee900000, 0x00000000eea00000, 0x00000000eea00000|100%| E|CS|TAMS 0x00000000ee900000| PB 0x00000000ee900000| Complete 
| 234|0x00000000eea00000, 0x00000000eeb00000, 0x00000000eeb00000|100%| E|CS|TAMS 0x00000000eea00000| PB 0x00000000eea00000| Complete 
| 235|0x00000000eeb00000, 0x00000000eec00000, 0x00000000eec00000|100%| E|CS|TAMS 0x00000000eeb00000| PB 0x00000000eeb00000| Complete 
| 236|0x00000000eec00000, 0x00000000eed00000, 0x00000000eed00000|100%| E|CS|TAMS 0x00000000eec00000| PB 0x00000000eec00000| Complete 
| 237|0x00000000eed00000, 0x00000000eee00000, 0x00000000eee00000|100%| E|CS|TAMS 0x00000000eed00000| PB 0x00000000eed00000| Complete 
| 238|0x00000000eee00000, 0x00000000eef00000, 0x00000000eef00000|100%| E|CS|TAMS 0x00000000eee00000| PB 0x00000000eee00000| Complete 
| 239|0x00000000eef00000, 0x00000000ef000000, 0x00000000ef000000|100%| E|CS|TAMS 0x00000000eef00000| PB 0x00000000eef00000| Complete 
| 240|0x00000000ef000000, 0x00000000ef100000, 0x00000000ef100000|100%| E|CS|TAMS 0x00000000ef000000| PB 0x00000000ef000000| Complete 
| 241|0x00000000ef100000, 0x00000000ef200000, 0x00000000ef200000|100%| E|CS|TAMS 0x00000000ef100000| PB 0x00000000ef100000| Complete 
| 242|0x00000000ef200000, 0x00000000ef300000, 0x00000000ef300000|100%| E|CS|TAMS 0x00000000ef200000| PB 0x00000000ef200000| Complete 
| 243|0x00000000ef300000, 0x00000000ef400000, 0x00000000ef400000|100%| E|CS|TAMS 0x00000000ef300000| PB 0x00000000ef300000| Complete 
| 244|0x00000000ef400000, 0x00000000ef500000, 0x00000000ef500000|100%| E|CS|TAMS 0x00000000ef400000| PB 0x00000000ef400000| Complete 
| 245|0x00000000ef500000, 0x00000000ef600000, 0x00000000ef600000|100%| E|CS|TAMS 0x00000000ef500000| PB 0x00000000ef500000| Complete 
| 246|0x00000000ef600000, 0x00000000ef700000, 0x00000000ef700000|100%| E|CS|TAMS 0x00000000ef600000| PB 0x00000000ef600000| Complete 
| 247|0x00000000ef700000, 0x00000000ef800000, 0x00000000ef800000|100%| E|CS|TAMS 0x00000000ef700000| PB 0x00000000ef700000| Complete 
| 248|0x00000000ef800000, 0x00000000ef900000, 0x00000000ef900000|100%| E|CS|TAMS 0x00000000ef800000| PB 0x00000000ef800000| Complete 
| 249|0x00000000ef900000, 0x00000000efa00000, 0x00000000efa00000|100%| E|CS|TAMS 0x00000000ef900000| PB 0x00000000ef900000| Complete 
| 250|0x00000000efa00000, 0x00000000efb00000, 0x00000000efb00000|100%| E|CS|TAMS 0x00000000efa00000| PB 0x00000000efa00000| Complete 
| 251|0x00000000efb00000, 0x00000000efc00000, 0x00000000efc00000|100%| E|CS|TAMS 0x00000000efb00000| PB 0x00000000efb00000| Complete 
| 252|0x00000000efc00000, 0x00000000efd00000, 0x00000000efd00000|100%| E|CS|TAMS 0x00000000efc00000| PB 0x00000000efc00000| Complete 
| 253|0x00000000efd00000, 0x00000000efe00000, 0x00000000efe00000|100%| E|CS|TAMS 0x00000000efd00000| PB 0x00000000efd00000| Complete 
| 254|0x00000000efe00000, 0x00000000eff00000, 0x00000000eff00000|100%| E|CS|TAMS 0x00000000efe00000| PB 0x00000000efe00000| Complete 
| 255|0x00000000eff00000, 0x00000000f0000000, 0x00000000f0000000|100%| E|CS|TAMS 0x00000000eff00000| PB 0x00000000eff00000| Complete 
| 256|0x00000000f0000000, 0x00000000f0100000, 0x00000000f0100000|100%| E|CS|TAMS 0x00000000f0000000| PB 0x00000000f0000000| Complete 
| 257|0x00000000f0100000, 0x00000000f0200000, 0x00000000f0200000|100%| E|CS|TAMS 0x00000000f0100000| PB 0x00000000f0100000| Complete 
| 258|0x00000000f0200000, 0x00000000f0300000, 0x00000000f0300000|100%| E|CS|TAMS 0x00000000f0200000| PB 0x00000000f0200000| Complete 

Card table byte_map: [0x000001b069710000,0x000001b069810000] _byte_map_base: 0x000001b069010000

Marking Bits: (CMBitMap*) 0x000001b0522de5f0
 Bits: [0x000001b069810000, 0x000001b06a010000)

Polling page: 0x000001b051a80000

Metaspace:

Usage:
  Non-class:    127.57 MB used.
      Class:     19.46 MB used.
       Both:    147.03 MB used.

Virtual space:
  Non-class space:      192.00 MB reserved,     129.06 MB ( 67%) committed,  3 nodes.
      Class space:      320.00 MB reserved,      20.88 MB (  7%) committed,  1 nodes.
             Both:      512.00 MB reserved,     149.94 MB ( 29%) committed. 

Chunk freelists:
   Non-Class:  14.22 MB
       Class:  11.08 MB
        Both:  25.30 MB

MaxMetaspaceSize: 384.00 MB
CompressedClassSpaceSize: 320.00 MB
Initial GC threshold: 21.00 MB
Current GC threshold: 249.69 MB
CDS: on
 - commit_granule_bytes: 65536.
 - commit_granule_words: 8192.
 - virtual_space_node_default_size: 8388608.
 - enlarge_chunks_in_place: 1.
 - use_allocation_guard: 0.


Internal statistics:

num_allocs_failed_limit: 15.
num_arena_births: 5390.
num_arena_deaths: 0.
num_vsnodes_births: 4.
num_vsnodes_deaths: 0.
num_space_committed: 2397.
num_space_uncommitted: 0.
num_chunks_returned_to_freelist: 15.
num_chunks_taken_from_freelist: 12069.
num_chunk_merges: 15.
num_chunk_splits: 8194.
num_chunks_enlarged: 5428.
num_inconsistent_stats: 0.

CodeHeap 'non-profiled nmethods': size=120000Kb used=11778Kb max_used=11778Kb free=108221Kb
 bounds [0x000001b0621e0000, 0x000001b062d70000, 0x000001b069710000]
CodeHeap 'profiled nmethods': size=120000Kb used=32036Kb max_used=32288Kb free=87963Kb
 bounds [0x000001b05a710000, 0x000001b05c6a0000, 0x000001b061c40000]
CodeHeap 'non-nmethods': size=5760Kb used=3149Kb max_used=3221Kb free=2610Kb
 bounds [0x000001b061c40000, 0x000001b061f90000, 0x000001b0621e0000]
 total_blobs=17785 nmethods=16601 adapters=1087
 compilation: enabled
              stopped_count=0, restarted_count=0
 full_count=0

Compilation events (20 events):
Event: 67.987 Thread 0x000001b07cc05e40 19769       4       java.util.Arrays$ArrayList::iterator (12 bytes)
Event: 67.988 Thread 0x000001b06c644460 nmethod 19755 0x000001b062d56d10 code [0x000001b062d572e0, 0x000001b062d5ab70]
Event: 67.988 Thread 0x000001b07cc05e40 nmethod 19769 0x000001b062d5d710 code [0x000001b062d5d8a0, 0x000001b062d5d998]
Event: 67.989 Thread 0x000001b07cc05e40 19770       4       kotlin.text.StringsKt__StringsJVMKt::regionMatches (42 bytes)
Event: 67.989 Thread 0x000001b06c644460 19771       4       java.lang.String::regionMatches (183 bytes)
Event: 67.991 Thread 0x000001b06c645260 19772       1       kotlin.text.DelimitedRangesSequence::access$getInput$p (5 bytes)
Event: 67.991 Thread 0x000001b06c645260 nmethod 19772 0x000001b062d5da90 code [0x000001b062d5dc20, 0x000001b062d5dcd0]
Event: 67.994 Thread 0x000001b06c644460 nmethod 19771 0x000001b062d5dd90 code [0x000001b062d5df40, 0x000001b062d5e378]
Event: 67.994 Thread 0x000001b07cc05e40 nmethod 19770 0x000001b062d5e610 code [0x000001b062d5e7e0, 0x000001b062d5ec60]
Event: 67.994 Thread 0x000001b07cc05e40 19773       4       java.util.concurrent.locks.AbstractQueuedSynchronizer$ConditionObject::enableWait (84 bytes)
Event: 67.995 Thread 0x000001b06c645260 19774       3       kotlin.text.StringsKt__StringsKt::findAnyOf$StringsKt__StringsKt (442 bytes)
Event: 67.998 Thread 0x000001b06c645260 nmethod 19774 0x000001b05c55ef10 code [0x000001b05c55f4c0, 0x000001b05c562a78]
Event: 67.998 Thread 0x000001b06c645260 19775       1       kotlin.ranges.IntProgression::getStep (5 bytes)
Event: 67.998 Thread 0x000001b06c645260 nmethod 19775 0x000001b062d5ef90 code [0x000001b062d5f120, 0x000001b062d5f1e8]
Event: 67.998 Thread 0x000001b06c645260 19776       1       kotlin.text.DelimitedRangesSequence::access$getLimit$p (5 bytes)
Event: 67.998 Thread 0x000001b06c645260 nmethod 19776 0x000001b062d5f290 code [0x000001b062d5f420, 0x000001b062d5f4d0]
Event: 67.998 Thread 0x000001b06c645260 19777       1       kotlin.text.DelimitedRangesSequence::access$getGetNextMatch$p (5 bytes)
Event: 67.998 Thread 0x000001b06c645260 nmethod 19777 0x000001b062d5f590 code [0x000001b062d5f720, 0x000001b062d5f7d0]
Event: 67.999 Thread 0x000001b06c644460 19778       4       org.gradle.internal.logging.text.AbstractLineChoppingStyledTextOutput::doAppend (43 bytes)
Event: 67.999 Thread 0x000001b07cc05e40 nmethod 19773 0x000001b062d5f890 code [0x000001b062d5fa60, 0x000001b062d600b0]

GC Heap History (20 events):
Event: 54.854 GC heap before
{Heap before GC invocations=21 (full 0):
 garbage-first heap   total 264192K, used 201063K [0x00000000e0000000, 0x0000000100000000)
  region size 1024K, 82 young (83968K), 3 survivors (3072K)
 Metaspace       used 139115K, committed 141952K, reserved 458752K
  class space    used 18465K, committed 19840K, reserved 327680K
}
Event: 54.857 GC heap after
{Heap after GC invocations=22 (full 0):
 garbage-first heap   total 264192K, used 121008K [0x00000000e0000000, 0x0000000100000000)
  region size 1024K, 3 young (3072K), 3 survivors (3072K)
 Metaspace       used 139115K, committed 141952K, reserved 458752K
  class space    used 18465K, committed 19840K, reserved 327680K
}
Event: 54.905 GC heap before
{Heap before GC invocations=22 (full 0):
 garbage-first heap   total 264192K, used 122032K [0x00000000e0000000, 0x0000000100000000)
  region size 1024K, 4 young (4096K), 3 survivors (3072K)
 Metaspace       used 139115K, committed 141952K, reserved 458752K
  class space    used 18465K, committed 19840K, reserved 327680K
}
Event: 54.912 GC heap after
{Heap after GC invocations=23 (full 0):
 garbage-first heap   total 264192K, used 122494K [0x00000000e0000000, 0x0000000100000000)
  region size 1024K, 4 young (4096K), 4 survivors (4096K)
 Metaspace       used 139115K, committed 141952K, reserved 458752K
  class space    used 18465K, committed 19840K, reserved 327680K
}
Event: 55.286 GC heap before
{Heap before GC invocations=24 (full 0):
 garbage-first heap   total 264192K, used 214654K [0x00000000e0000000, 0x0000000100000000)
  region size 1024K, 92 young (94208K), 4 survivors (4096K)
 Metaspace       used 139115K, committed 141952K, reserved 458752K
  class space    used 18465K, committed 19840K, reserved 327680K
}
Event: 55.292 GC heap after
{Heap after GC invocations=25 (full 0):
 garbage-first heap   total 264192K, used 125560K [0x00000000e0000000, 0x0000000100000000)
  region size 1024K, 7 young (7168K), 7 survivors (7168K)
 Metaspace       used 139115K, committed 141952K, reserved 458752K
  class space    used 18465K, committed 19840K, reserved 327680K
}
Event: 55.638 GC heap before
{Heap before GC invocations=25 (full 0):
 garbage-first heap   total 264192K, used 219768K [0x00000000e0000000, 0x0000000100000000)
  region size 1024K, 99 young (101376K), 7 survivors (7168K)
 Metaspace       used 139115K, committed 141952K, reserved 458752K
  class space    used 18465K, committed 19840K, reserved 327680K
}
Event: 55.642 GC heap after
{Heap after GC invocations=26 (full 0):
 garbage-first heap   total 264192K, used 118403K [0x00000000e0000000, 0x0000000100000000)
  region size 1024K, 5 young (5120K), 5 survivors (5120K)
 Metaspace       used 139115K, committed 141952K, reserved 458752K
  class space    used 18465K, committed 19840K, reserved 327680K
}
Event: 55.991 GC heap before
{Heap before GC invocations=26 (full 0):
 garbage-first heap   total 264192K, used 222851K [0x00000000e0000000, 0x0000000100000000)
  region size 1024K, 107 young (109568K), 5 survivors (5120K)
 Metaspace       used 139115K, committed 141952K, reserved 458752K
  class space    used 18465K, committed 19840K, reserved 327680K
}
Event: 55.995 GC heap after
{Heap after GC invocations=27 (full 0):
 garbage-first heap   total 264192K, used 116722K [0x00000000e0000000, 0x0000000100000000)
  region size 1024K, 3 young (3072K), 3 survivors (3072K)
 Metaspace       used 139115K, committed 141952K, reserved 458752K
  class space    used 18465K, committed 19840K, reserved 327680K
}
Event: 56.392 GC heap before
{Heap before GC invocations=27 (full 0):
 garbage-first heap   total 264192K, used 228338K [0x00000000e0000000, 0x0000000100000000)
  region size 1024K, 112 young (114688K), 3 survivors (3072K)
 Metaspace       used 139115K, committed 141952K, reserved 458752K
  class space    used 18465K, committed 19840K, reserved 327680K
}
Event: 56.399 GC heap after
{Heap after GC invocations=28 (full 0):
 garbage-first heap   total 264192K, used 116994K [0x00000000e0000000, 0x0000000100000000)
  region size 1024K, 4 young (4096K), 4 survivors (4096K)
 Metaspace       used 139115K, committed 141952K, reserved 458752K
  class space    used 18465K, committed 19840K, reserved 327680K
}
Event: 58.836 GC heap before
{Heap before GC invocations=29 (full 0):
 garbage-first heap   total 265216K, used 232706K [0x00000000e0000000, 0x0000000100000000)
  region size 1024K, 118 young (120832K), 4 survivors (4096K)
 Metaspace       used 141504K, committed 144320K, reserved 458752K
  class space    used 18699K, committed 20096K, reserved 327680K
}
Event: 58.848 GC heap after
{Heap after GC invocations=30 (full 0):
 garbage-first heap   total 265216K, used 124691K [0x00000000e0000000, 0x0000000100000000)
  region size 1024K, 11 young (11264K), 11 survivors (11264K)
 Metaspace       used 141504K, committed 144320K, reserved 458752K
  class space    used 18699K, committed 20096K, reserved 327680K
}
Event: 64.248 GC heap before
{Heap before GC invocations=30 (full 0):
 garbage-first heap   total 265216K, used 235283K [0x00000000e0000000, 0x0000000100000000)
  region size 1024K, 120 young (122880K), 11 survivors (11264K)
 Metaspace       used 150342K, committed 153344K, reserved 524288K
  class space    used 19902K, committed 21376K, reserved 327680K
}
Event: 64.268 GC heap after
{Heap after GC invocations=31 (full 0):
 garbage-first heap   total 265216K, used 130980K [0x00000000e0000000, 0x0000000100000000)
  region size 1024K, 9 young (9216K), 9 survivors (9216K)
 Metaspace       used 150342K, committed 153344K, reserved 524288K
  class space    used 19902K, committed 21376K, reserved 327680K
}
Event: 65.985 GC heap before
{Heap before GC invocations=31 (full 0):
 garbage-first heap   total 265216K, used 236452K [0x00000000e0000000, 0x0000000100000000)
  region size 1024K, 113 young (115712K), 9 survivors (9216K)
 Metaspace       used 150379K, committed 153408K, reserved 524288K
  class space    used 19903K, committed 21376K, reserved 327680K
}
Event: 65.999 GC heap after
{Heap after GC invocations=32 (full 0):
 garbage-first heap   total 265216K, used 131969K [0x00000000e0000000, 0x0000000100000000)
  region size 1024K, 2 young (2048K), 2 survivors (2048K)
 Metaspace       used 150379K, committed 153408K, reserved 524288K
  class space    used 19903K, committed 21376K, reserved 327680K
}
Event: 67.017 GC heap before
{Heap before GC invocations=33 (full 0):
 garbage-first heap   total 265216K, used 240513K [0x00000000e0000000, 0x0000000100000000)
  region size 1024K, 109 young (111616K), 2 survivors (2048K)
 Metaspace       used 150381K, committed 153408K, reserved 524288K
  class space    used 19903K, committed 21376K, reserved 327680K
}
Event: 67.020 GC heap after
{Heap after GC invocations=34 (full 0):
 garbage-first heap   total 265216K, used 130922K [0x00000000e0000000, 0x0000000100000000)
  region size 1024K, 1 young (1024K), 1 survivors (1024K)
 Metaspace       used 150381K, committed 153408K, reserved 524288K
  class space    used 19903K, committed 21376K, reserved 327680K
}

Dll operation events (16 events):
Event: 0.014 Loaded shared library C:\Users\pc\.jdks\openjdk-21.0.2\bin\java.dll
Event: 0.070 Loaded shared library C:\Users\pc\.jdks\openjdk-21.0.2\bin\jsvml.dll
Event: 0.184 Loaded shared library C:\Users\pc\.jdks\openjdk-21.0.2\bin\zip.dll
Event: 0.189 Loaded shared library C:\Users\pc\.jdks\openjdk-21.0.2\bin\instrument.dll
Event: 0.194 Loaded shared library C:\Users\pc\.jdks\openjdk-21.0.2\bin\net.dll
Event: 0.195 Loaded shared library C:\Users\pc\.jdks\openjdk-21.0.2\bin\nio.dll
Event: 0.198 Loaded shared library C:\Users\pc\.jdks\openjdk-21.0.2\bin\zip.dll
Event: 0.616 Loaded shared library C:\Users\pc\.jdks\openjdk-21.0.2\bin\jimage.dll
Event: 0.888 Loaded shared library C:\Users\pc\.jdks\openjdk-21.0.2\bin\verify.dll
Event: 1.044 Loaded shared library F:\.gradle\native\c067742578af261105cb4f569cf0c3c89f3d7b1fecec35dd04571415982c5e48\windows-amd64\native-platform.dll
Event: 1.048 Loaded shared library F:\.gradle\native\100fb08df4bc3b14c8652ba06237920a3bd2aa13389f12d3474272988ae205f9\windows-amd64\native-platform-file-events.dll
Event: 2.025 Loaded shared library C:\Users\pc\.jdks\openjdk-21.0.2\bin\management.dll
Event: 2.027 Loaded shared library C:\Users\pc\.jdks\openjdk-21.0.2\bin\management_ext.dll
Event: 2.278 Loaded shared library C:\Users\pc\.jdks\openjdk-21.0.2\bin\extnet.dll
Event: 2.522 Loaded shared library C:\Users\pc\.jdks\openjdk-21.0.2\bin\sunmscapi.dll
Event: 61.060 Loaded shared library C:\Users\pc\.jdks\openjdk-21.0.2\bin\rmi.dll

Deoptimization events (20 events):
Event: 67.814 Thread 0x000001b076a328c0 Uncommon trap: trap_request=0xffffffc6 fr.pc=0x000001b062aba948 relative=0x0000000000000068
Event: 67.814 Thread 0x000001b076a328c0 Uncommon trap: reason=bimorphic_or_optimized_type_check action=maybe_recompile pc=0x000001b062aba948 method=org.gradle.internal.logging.sink.OutputEventRenderer.onOutput(Lorg/gradle/internal/logging/events/OutputEvent;)V @ 1 c2
Event: 67.814 Thread 0x000001b076a328c0 DEOPT PACKING pc=0x000001b062aba948 sp=0x000000958a0fda60
Event: 67.814 Thread 0x000001b076a328c0 DEOPT UNPACKING pc=0x000001b061c946a2 sp=0x000000958a0fd9f0 mode 2
Event: 67.845 Thread 0x000001b076a328c0 Uncommon trap: trap_request=0xffffffc6 fr.pc=0x000001b062aba948 relative=0x0000000000000068
Event: 67.845 Thread 0x000001b076a328c0 Uncommon trap: reason=bimorphic_or_optimized_type_check action=maybe_recompile pc=0x000001b062aba948 method=org.gradle.internal.logging.sink.OutputEventRenderer.onOutput(Lorg/gradle/internal/logging/events/OutputEvent;)V @ 1 c2
Event: 67.845 Thread 0x000001b076a328c0 DEOPT PACKING pc=0x000001b062aba948 sp=0x000000958a0fd960
Event: 67.845 Thread 0x000001b076a328c0 DEOPT UNPACKING pc=0x000001b061c946a2 sp=0x000000958a0fd8f0 mode 2
Event: 67.847 Thread 0x000001b072c82790 Uncommon trap: trap_request=0xffffffde fr.pc=0x000001b0621ed5e0 relative=0x00000000000001c0
Event: 67.847 Thread 0x000001b072c82790 Uncommon trap: reason=class_check action=maybe_recompile pc=0x000001b0621ed5e0 method=java.lang.String.equals(Ljava/lang/Object;)Z @ 8 c2
Event: 67.847 Thread 0x000001b072c82790 DEOPT PACKING pc=0x000001b0621ed5e0 sp=0x00000095858fdba0
Event: 67.847 Thread 0x000001b072c82790 DEOPT UNPACKING pc=0x000001b061c946a2 sp=0x00000095858fdb38 mode 2
Event: 67.999 Thread 0x000001b076a328c0 DEOPT PACKING pc=0x000001b05ab57869 sp=0x000000958a0fd050
Event: 67.999 Thread 0x000001b076a328c0 DEOPT UNPACKING pc=0x000001b061c94e42 sp=0x000000958a0fc520 mode 0
Event: 68.031 Thread 0x000001b074a544f0 DEOPT PACKING pc=0x000001b05ad828e6 sp=0x00000095861ff050
Event: 68.031 Thread 0x000001b074a544f0 DEOPT UNPACKING pc=0x000001b061c94e42 sp=0x00000095861fe5d0 mode 0
Event: 68.041 Thread 0x000001b076a356b0 Uncommon trap: trap_request=0xffffff45 fr.pc=0x000001b062d42ad8 relative=0x0000000000000198
Event: 68.041 Thread 0x000001b076a356b0 Uncommon trap: reason=unstable_if action=reinterpret pc=0x000001b062d42ad8 method=org.objectweb.asm.Type.hashCode()I @ 8 c2
Event: 68.041 Thread 0x000001b076a356b0 DEOPT PACKING pc=0x000001b062d42ad8 sp=0x0000009588bf95d0
Event: 68.041 Thread 0x000001b076a356b0 DEOPT UNPACKING pc=0x000001b061c946a2 sp=0x0000009588bf9550 mode 2

Classes loaded (20 events):
Event: 61.336 Loading class sun/rmi/transport/tcp/TCPTransport$ConnectionHandler
Event: 61.337 Loading class sun/rmi/transport/tcp/TCPTransport$ConnectionHandler done
Event: 61.349 Loading class sun/rmi/transport/Transport$1
Event: 61.349 Loading class sun/rmi/transport/Transport$1 done
Event: 61.349 Loading class sun/rmi/transport/DGCImpl$LeaseInfo
Event: 61.350 Loading class sun/rmi/transport/DGCImpl$LeaseInfo done
Event: 61.350 Loading class sun/rmi/transport/DGCImpl$1
Event: 61.350 Loading class sun/rmi/transport/DGCImpl$1 done
Event: 61.350 Loading class sun/rmi/transport/SequenceEntry
Event: 61.350 Loading class sun/rmi/transport/SequenceEntry done
Event: 67.743 Loading class sun/net/ConnectionResetException
Event: 67.743 Loading class sun/net/ConnectionResetException done
Event: 67.750 Loading class sun/net/util/SocketExceptions
Event: 67.750 Loading class sun/net/util/SocketExceptions done
Event: 67.798 Loading class java/lang/Throwable$WrappedPrintWriter
Event: 67.798 Loading class java/lang/Throwable$PrintStreamOrWriter
Event: 67.798 Loading class java/lang/Throwable$PrintStreamOrWriter done
Event: 67.798 Loading class java/lang/Throwable$WrappedPrintWriter done
Event: 67.859 Loading class java/util/Collections$EmptyListIterator
Event: 67.861 Loading class java/util/Collections$EmptyListIterator done

Classes unloaded (0 events):
No events

Classes redefined (0 events):
No events

Internal exceptions (20 events):
Event: 64.946 Thread 0x000001b076a356b0 Exception <a 'sun/nio/fs/WindowsException'{0x00000000ef09a338}> (0x00000000ef09a338) 
thrown [s\open\src\hotspot\share\prims\jni.cpp, line 520]
Event: 64.952 Thread 0x000001b076a356b0 Exception <a 'sun/nio/fs/WindowsException'{0x00000000ef0ada18}> (0x00000000ef0ada18) 
thrown [s\open\src\hotspot\share\prims\jni.cpp, line 520]
Event: 65.840 Thread 0x000001b076a356b0 Implicit null exception at 0x000001b0624a0240 to 0x000001b0624a0950
Event: 67.743 Thread 0x000001b077a32fc0 Exception <a 'sun/net/ConnectionResetException'{0x00000000eb300038}: Connection reset> (0x00000000eb300038) 
thrown [s\open\src\hotspot\share\prims\jni.cpp, line 539]
Event: 67.743 Thread 0x000001b07c7a3d80 Exception <a 'sun/net/ConnectionResetException'{0x00000000eb480b18}: Connection reset> (0x00000000eb480b18) 
thrown [s\open\src\hotspot\share\prims\jni.cpp, line 539]
Event: 67.744 Thread 0x000001b076a328c0 Exception <a 'sun/net/ConnectionResetException'{0x00000000eb318058}: Connection reset> (0x00000000eb318058) 
thrown [s\open\src\hotspot\share\prims\jni.cpp, line 539]
Event: 67.746 Thread 0x000001b075601e60 Exception <a 'sun/net/ConnectionResetException'{0x00000000eb330e78}: Connection reset> (0x00000000eb330e78) 
thrown [s\open\src\hotspot\share\prims\jni.cpp, line 539]
Event: 67.750 Thread 0x000001b07c7a3d80 Exception <a 'java/net/ConnectException'{0x00000000eb488eb8}: Connection refused: connect> (0x00000000eb488eb8) 
thrown [s\open\src\hotspot\share\prims\jni.cpp, line 539]
Event: 67.751 Thread 0x000001b076a328c0 Exception <a 'java/net/ConnectException'{0x00000000eb31aa28}: Connection refused: connect> (0x00000000eb31aa28) 
thrown [s\open\src\hotspot\share\prims\jni.cpp, line 539]
Event: 67.762 Thread 0x000001b07c7a3d80 Exception <a 'java/net/ConnectException'{0x00000000eb48a3f0}: Connection refused: connect> (0x00000000eb48a3f0) 
thrown [s\open\src\hotspot\share\prims\jni.cpp, line 539]
Event: 67.763 Thread 0x000001b076a328c0 Exception <a 'java/net/ConnectException'{0x00000000eb31b510}: Connection refused: connect> (0x00000000eb31b510) 
thrown [s\open\src\hotspot\share\prims\jni.cpp, line 539]
Event: 67.773 Thread 0x000001b07c7a3d80 Exception <a 'java/net/ConnectException'{0x00000000eb48aed8}: Connection refused: connect> (0x00000000eb48aed8) 
thrown [s\open\src\hotspot\share\prims\jni.cpp, line 539]
Event: 67.774 Thread 0x000001b07c7a3d80 Exception <a 'java/net/ConnectException'{0x00000000eb48caa0}: Connection refused: connect> (0x00000000eb48caa0) 
thrown [s\open\src\hotspot\share\prims\jni.cpp, line 539]
Event: 67.776 Thread 0x000001b076a328c0 Exception <a 'java/net/ConnectException'{0x00000000eb31bff8}: Connection refused: connect> (0x00000000eb31bff8) 
thrown [s\open\src\hotspot\share\prims\jni.cpp, line 539]
Event: 67.777 Thread 0x000001b076a328c0 Exception <a 'java/net/ConnectException'{0x00000000eb31d1b0}: Connection refused: connect> (0x00000000eb31d1b0) 
thrown [s\open\src\hotspot\share\prims\jni.cpp, line 539]
Event: 67.786 Thread 0x000001b07c7a3d80 Exception <a 'java/net/ConnectException'{0x00000000eb48d588}: Connection refused: connect> (0x00000000eb48d588) 
thrown [s\open\src\hotspot\share\prims\jni.cpp, line 539]
Event: 67.789 Thread 0x000001b076a328c0 Exception <a 'java/net/ConnectException'{0x00000000eb31dc98}: Connection refused: connect> (0x00000000eb31dc98) 
thrown [s\open\src\hotspot\share\prims\jni.cpp, line 539]
Event: 67.797 Thread 0x000001b07c7a3d80 Exception <a 'java/net/ConnectException'{0x00000000eb48e070}: Connection refused: connect> (0x00000000eb48e070) 
thrown [s\open\src\hotspot\share\prims\jni.cpp, line 539]
Event: 67.814 Thread 0x000001b076a328c0 Exception <a 'java/net/ConnectException'{0x00000000eb31e780}: Connection refused: connect> (0x00000000eb31e780) 
thrown [s\open\src\hotspot\share\prims\jni.cpp, line 539]
Event: 67.847 Thread 0x000001b072c82790 Exception <a 'java/lang/NoSuchMethodError'{0x00000000ea9d1410}: static [Ljava/lang/StackTraceElement;.<clinit>()V> (0x00000000ea9d1410) 
thrown [s\open\src\hotspot\share\prims\jni.cpp, line 1106]

ZGC Phase Switch (0 events):
No events

VM Operations (20 events):
Event: 62.080 Executing VM operation: ICBufferFull
Event: 62.080 Executing VM operation: ICBufferFull done
Event: 64.081 Executing VM operation: Cleanup
Event: 64.085 Executing VM operation: Cleanup done
Event: 64.247 Executing VM operation: G1CollectForAllocation (G1 Evacuation Pause)
Event: 64.268 Executing VM operation: G1CollectForAllocation (G1 Evacuation Pause) done
Event: 65.268 Executing VM operation: Cleanup
Event: 65.268 Executing VM operation: Cleanup done
Event: 65.846 Executing VM operation: HandshakeAllThreads (Deoptimize)
Event: 65.846 Executing VM operation: HandshakeAllThreads (Deoptimize) done
Event: 65.985 Executing VM operation: G1CollectForAllocation (G1 Evacuation Pause)
Event: 66.005 Executing VM operation: G1CollectForAllocation (G1 Evacuation Pause) done
Event: 66.229 Executing VM operation: G1PauseRemark
Event: 66.315 Executing VM operation: G1PauseRemark done
Event: 66.431 Executing VM operation: G1PauseCleanup
Event: 66.580 Executing VM operation: G1PauseCleanup done
Event: 67.017 Executing VM operation: G1CollectForAllocation (G1 Evacuation Pause)
Event: 67.022 Executing VM operation: G1CollectForAllocation (G1 Evacuation Pause) done
Event: 67.745 Executing VM operation: HandshakeAllThreads (Deoptimize)
Event: 67.748 Executing VM operation: HandshakeAllThreads (Deoptimize) done

Events (20 events):
Event: 66.308 Thread 0x000001b06c5ecb90 flushing nmethod 0x000001b05c285190
Event: 66.308 Thread 0x000001b06c5ecb90 flushing nmethod 0x000001b05c28f610
Event: 66.308 Thread 0x000001b06c5ecb90 flushing nmethod 0x000001b05c240b90
Event: 66.308 Thread 0x000001b06c5ecb90 flushing nmethod 0x000001b05c0a8290
Event: 66.308 Thread 0x000001b06c5ecb90 flushing nmethod 0x000001b05c0a1810
Event: 66.308 Thread 0x000001b06c5ecb90 flushing nmethod 0x000001b05c0a7d90
Event: 66.308 Thread 0x000001b06c5ecb90 flushing nmethod 0x000001b05bfe3b10
Event: 66.308 Thread 0x000001b06c5ecb90 flushing nmethod 0x000001b05bfe1710
Event: 66.308 Thread 0x000001b06c5ecb90 flushing nmethod 0x000001b05bf78990
Event: 66.308 Thread 0x000001b06c5ecb90 flushing nmethod 0x000001b05bebd710
Event: 66.308 Thread 0x000001b06c5ecb90 flushing nmethod 0x000001b05bd2b590
Event: 66.308 Thread 0x000001b06c5ecb90 flushing nmethod 0x000001b05bc41710
Event: 66.308 Thread 0x000001b06c5ecb90 flushing nmethod 0x000001b05b9b4f10
Event: 66.308 Thread 0x000001b06c5ecb90 flushing nmethod 0x000001b05b3e5290
Event: 66.310 Thread 0x000001b06c5ecb90 flushing nmethod 0x000001b05ab57490
Event: 66.310 Thread 0x000001b06c5ecb90 flushing nmethod 0x000001b05aa04290
Event: 66.310 Thread 0x000001b06c5ecb90 flushing nmethod 0x000001b05aa03e90
Event: 66.310 Thread 0x000001b06c5ecb90 flushing nmethod 0x000001b05a87a890
Event: 66.666 Thread 0x000001b07cc020f0 Thread exited: 0x000001b07cc020f0
Event: 67.800 Thread 0x000001b07cc05e40 Thread added: 0x000001b07cc05e40


Dynamic libraries:
0x00007ff77fc80000 - 0x00007ff77fc8e000 	C:\Users\pc\.jdks\openjdk-21.0.2\bin\java.exe
0x00007ff948850000 - 0x00007ff948a48000 	C:\WINDOWS\SYSTEM32\ntdll.dll
0x00007ff946d30000 - 0x00007ff946df2000 	C:\WINDOWS\System32\KERNEL32.DLL
0x00007ff945ec0000 - 0x00007ff9461b6000 	C:\WINDOWS\System32\KERNELBASE.dll
0x00007ff9464e0000 - 0x00007ff9465e0000 	C:\WINDOWS\System32\ucrtbase.dll
0x00007ff92cbb0000 - 0x00007ff92cbc8000 	C:\Users\pc\.jdks\openjdk-21.0.2\bin\jli.dll
0x00007ff947c00000 - 0x00007ff947da1000 	C:\WINDOWS\System32\USER32.dll
0x00007ff946280000 - 0x00007ff9462a2000 	C:\WINDOWS\System32\win32u.dll
0x00007ff947bd0000 - 0x00007ff947bfb000 	C:\WINDOWS\System32\GDI32.dll
0x00007ff9462b0000 - 0x00007ff9463c9000 	C:\WINDOWS\System32\gdi32full.dll
0x00007ff945b70000 - 0x00007ff945c0d000 	C:\WINDOWS\System32\msvcp_win.dll
0x00007ff927870000 - 0x00007ff92788b000 	C:\Users\pc\.jdks\openjdk-21.0.2\bin\VCRUNTIME140.dll
0x00007ff932130000 - 0x00007ff9323cb000 	C:\WINDOWS\WinSxS\amd64_microsoft.windows.common-controls_6595b64144ccf1df_6.0.19041.6456_none_60b8a6cb71f64256\COMCTL32.dll
0x00007ff947e40000 - 0x00007ff947ede000 	C:\WINDOWS\System32\msvcrt.dll
0x00007ff9472d0000 - 0x00007ff9472ff000 	C:\WINDOWS\System32\IMM32.DLL
0x00007ff93fd60000 - 0x00007ff93fd6c000 	C:\Users\pc\.jdks\openjdk-21.0.2\bin\vcruntime140_1.dll
0x00007ff919ea0000 - 0x00007ff919f2e000 	C:\Users\pc\.jdks\openjdk-21.0.2\bin\msvcp140.dll
0x00007ff8b1140000 - 0x00007ff8b1e57000 	C:\Users\pc\.jdks\openjdk-21.0.2\bin\server\jvm.dll
0x00007ff947f40000 - 0x00007ff947ff1000 	C:\WINDOWS\System32\ADVAPI32.dll
0x00007ff948770000 - 0x00007ff94880f000 	C:\WINDOWS\System32\sechost.dll
0x00007ff947080000 - 0x00007ff9471a0000 	C:\WINDOWS\System32\RPCRT4.dll
0x00007ff945c10000 - 0x00007ff945c37000 	C:\WINDOWS\System32\bcrypt.dll
0x00007ff9465e0000 - 0x00007ff94662b000 	C:\WINDOWS\System32\POWRPROF.dll
0x00007ff9466b0000 - 0x00007ff94671b000 	C:\WINDOWS\System32\WS2_32.dll
0x00007ff931eb0000 - 0x00007ff931ed7000 	C:\WINDOWS\SYSTEM32\WINMM.dll
0x00007ff935520000 - 0x00007ff93552a000 	C:\WINDOWS\SYSTEM32\VERSION.dll
0x00007ff944fc0000 - 0x00007ff944fd2000 	C:\WINDOWS\SYSTEM32\UMPDC.dll
0x00007ff945d40000 - 0x00007ff945d52000 	C:\WINDOWS\System32\kernel.appcore.dll
0x00007ff93bc40000 - 0x00007ff93bc4a000 	C:\Users\pc\.jdks\openjdk-21.0.2\bin\jimage.dll
0x00007ff944020000 - 0x00007ff944221000 	C:\WINDOWS\SYSTEM32\DBGHELP.DLL
0x00007ff934710000 - 0x00007ff934744000 	C:\WINDOWS\SYSTEM32\dbgcore.DLL
0x00007ff946420000 - 0x00007ff9464a2000 	C:\WINDOWS\System32\bcryptPrimitives.dll
0x00007ff93bd80000 - 0x00007ff93bd8f000 	C:\Users\pc\.jdks\openjdk-21.0.2\bin\instrument.dll
0x00007ff926dc0000 - 0x00007ff926ddf000 	C:\Users\pc\.jdks\openjdk-21.0.2\bin\java.dll
0x00007ff948000000 - 0x00007ff948770000 	C:\WINDOWS\System32\SHELL32.dll
0x00007ff942f10000 - 0x00007ff9436b5000 	C:\WINDOWS\SYSTEM32\windows.storage.dll
0x00007ff947660000 - 0x00007ff9479b4000 	C:\WINDOWS\System32\combase.dll
0x00007ff9455a0000 - 0x00007ff9455cb000 	C:\WINDOWS\SYSTEM32\Wldp.dll
0x00007ff947b00000 - 0x00007ff947bcd000 	C:\WINDOWS\System32\OLEAUT32.dll
0x00007ff946ba0000 - 0x00007ff946c4d000 	C:\WINDOWS\System32\SHCORE.dll
0x00007ff946e00000 - 0x00007ff946e5b000 	C:\WINDOWS\System32\shlwapi.dll
0x00007ff945aa0000 - 0x00007ff945ac4000 	C:\WINDOWS\SYSTEM32\profapi.dll
0x00007ff8f6820000 - 0x00007ff8f68f7000 	C:\Users\pc\.jdks\openjdk-21.0.2\bin\jsvml.dll
0x00007ff924240000 - 0x00007ff924258000 	C:\Users\pc\.jdks\openjdk-21.0.2\bin\zip.dll
0x00007ff931740000 - 0x00007ff931750000 	C:\Users\pc\.jdks\openjdk-21.0.2\bin\net.dll
0x00007ff93db90000 - 0x00007ff93dc9a000 	C:\WINDOWS\SYSTEM32\WINHTTP.dll
0x00007ff945300000 - 0x00007ff94536a000 	C:\WINDOWS\system32\mswsock.dll
0x00007ff924260000 - 0x00007ff924276000 	C:\Users\pc\.jdks\openjdk-21.0.2\bin\nio.dll
0x00007ff92c560000 - 0x00007ff92c570000 	C:\Users\pc\.jdks\openjdk-21.0.2\bin\verify.dll
0x00007ff93ff00000 - 0x00007ff93ff27000 	F:\.gradle\native\c067742578af261105cb4f569cf0c3c89f3d7b1fecec35dd04571415982c5e48\windows-amd64\native-platform.dll
0x00007ff9192b0000 - 0x00007ff9193f4000 	F:\.gradle\native\100fb08df4bc3b14c8652ba06237920a3bd2aa13389f12d3474272988ae205f9\windows-amd64\native-platform-file-events.dll
0x00007ff92c6c0000 - 0x00007ff92c6ca000 	C:\Users\pc\.jdks\openjdk-21.0.2\bin\management.dll
0x00007ff92c630000 - 0x00007ff92c63b000 	C:\Users\pc\.jdks\openjdk-21.0.2\bin\management_ext.dll
0x00007ff9479c0000 - 0x00007ff9479c8000 	C:\WINDOWS\System32\PSAPI.DLL
0x00007ff9454f0000 - 0x00007ff945508000 	C:\WINDOWS\SYSTEM32\CRYPTSP.dll
0x00007ff944c00000 - 0x00007ff944c38000 	C:\WINDOWS\system32\rsaenh.dll
0x00007ff945a20000 - 0x00007ff945a4e000 	C:\WINDOWS\SYSTEM32\USERENV.dll
0x00007ff945510000 - 0x00007ff94551c000 	C:\WINDOWS\SYSTEM32\CRYPTBASE.dll
0x00007ff944fe0000 - 0x00007ff94501b000 	C:\WINDOWS\SYSTEM32\IPHLPAPI.DLL
0x00007ff947240000 - 0x00007ff947248000 	C:\WINDOWS\System32\NSI.dll
0x00007ff926db0000 - 0x00007ff926db9000 	C:\Users\pc\.jdks\openjdk-21.0.2\bin\extnet.dll
0x00007ff926e90000 - 0x00007ff926e9e000 	C:\Users\pc\.jdks\openjdk-21.0.2\bin\sunmscapi.dll
0x00007ff945d60000 - 0x00007ff945ebd000 	C:\WINDOWS\System32\CRYPT32.dll
0x00007ff945610000 - 0x00007ff945637000 	C:\WINDOWS\SYSTEM32\ncrypt.dll
0x00007ff9455d0000 - 0x00007ff94560b000 	C:\WINDOWS\SYSTEM32\NTASN1.dll
0x00007ff8fea40000 - 0x00007ff8fea47000 	C:\WINDOWS\system32\wshunix.dll
0x00007ff944e50000 - 0x00007ff944e83000 	C:\WINDOWS\SYSTEM32\ntmarta.dll
0x00007ff940d50000 - 0x00007ff940d57000 	C:\Users\pc\.jdks\openjdk-21.0.2\bin\rmi.dll

dbghelp: loaded successfully - version: 4.0.5 - missing functions: none
symbol engine: initialized successfully - sym options: 0x614 - pdb path: .;C:\Users\pc\.jdks\openjdk-21.0.2\bin;C:\WINDOWS\SYSTEM32;C:\WINDOWS\WinSxS\amd64_microsoft.windows.common-controls_6595b64144ccf1df_6.0.19041.6456_none_60b8a6cb71f64256;C:\Users\pc\.jdks\openjdk-21.0.2\bin\server;F:\.gradle\native\c067742578af261105cb4f569cf0c3c89f3d7b1fecec35dd04571415982c5e48\windows-amd64;F:\.gradle\native\100fb08df4bc3b14c8652ba06237920a3bd2aa13389f12d3474272988ae205f9\windows-amd64

VM Arguments:
jvm_args: --add-opens=java.base/java.util=ALL-UNNAMED --add-opens=java.base/java.lang=ALL-UNNAMED --add-opens=java.base/java.lang.invoke=ALL-UNNAMED --add-opens=java.prefs/java.util.prefs=ALL-UNNAMED --add-exports=jdk.compiler/com.sun.tools.javac.api=ALL-UNNAMED --add-exports=jdk.compiler/com.sun.tools.javac.util=ALL-UNNAMED --add-opens=java.base/java.nio.charset=ALL-UNNAMED --add-opens=java.base/java.net=ALL-UNNAMED --add-opens=java.base/java.util.concurrent.atomic=ALL-UNNAMED -XX:MaxMetaspaceSize=384m -XX:+HeapDumpOnOutOfMemoryError -Xms256m -Xmx512m -Dfile.encoding=UTF-8 -Duser.country=CN -Duser.language=zh -Duser.variant -javaagent:F:\.gradle\wrapper\dists\gradle-8.10-all\5d1orm1foysj2p3f4z6mcghoz\gradle-8.10\lib\agents\gradle-instrumentation-agent-8.10.jar 
java_command: org.gradle.launcher.daemon.bootstrap.GradleDaemon 8.10
java_class_path (initial): F:\.gradle\wrapper\dists\gradle-8.10-all\5d1orm1foysj2p3f4z6mcghoz\gradle-8.10\lib\gradle-daemon-main-8.10.jar
Launcher Type: SUN_STANDARD

[Global flags]
     intx CICompilerCount                          = 3                                         {product} {ergonomic}
   size_t CompressedClassSpaceSize                 = 335544320                                 {product} {ergonomic}
     uint ConcGCThreads                            = 1                                         {product} {ergonomic}
     uint G1ConcRefinementThreads                  = 4                                         {product} {ergonomic}
   size_t G1HeapRegionSize                         = 1048576                                   {product} {ergonomic}
    uintx GCDrainStackTargetSize                   = 64                                        {product} {ergonomic}
     bool HeapDumpOnOutOfMemoryError               = true                                   {manageable} {command line}
   size_t InitialHeapSize                          = 268435456                                 {product} {command line}
   size_t MarkStackSize                            = 4194304                                   {product} {ergonomic}
   size_t MaxHeapSize                              = 536870912                                 {product} {command line}
   size_t MaxMetaspaceSize                         = 402653184                                 {product} {command line}
   size_t MaxNewSize                               = 321912832                                 {product} {ergonomic}
   size_t MinHeapDeltaBytes                        = 1048576                                   {product} {ergonomic}
   size_t MinHeapSize                              = 268435456                                 {product} {command line}
    uintx NonNMethodCodeHeapSize                   = 5832780                                {pd product} {ergonomic}
    uintx NonProfiledCodeHeapSize                  = 122912730                              {pd product} {ergonomic}
    uintx ProfiledCodeHeapSize                     = 122912730                              {pd product} {ergonomic}
    uintx ReservedCodeCacheSize                    = 251658240                              {pd product} {ergonomic}
     bool SegmentedCodeCache                       = true                                      {product} {ergonomic}
   size_t SoftMaxHeapSize                          = 536870912                              {manageable} {ergonomic}
     bool UseCompressedOops                        = true                           {product lp64_product} {ergonomic}
     bool UseG1GC                                  = true                                      {product} {ergonomic}
     bool UseLargePagesIndividualAllocation        = false                                  {pd product} {ergonomic}

Logging:
Log output configuration:
 #0: stdout all=warning uptime,level,tags foldmultilines=false
 #1: stderr all=off uptime,level,tags foldmultilines=false

Environment Variables:
JAVA_HOME=C:\Users\pc\.jdks\openjdk-21.0.2\
PATH=C:\Program Files\Common Files\Oracle\Java\javapath;C:\Program Files (x86)\Common Files\Oracle\Java\java8path;C:\Program Files (x86)\Common Files\Oracle\Java\javapath;C:\Program Files (x86)\Razer\ChromaBroadcast\bin;C:\Program Files\Razer\ChromaBroadcast\bin;C:\Program Files (x86)\Razer Chroma SDK\bin;C:\Program Files\Razer Chroma SDK\bin;C:\Program Files (x86)\Intel\iCLS Client\;C:\Program Files\Intel\iCLS Client\;C:\Windows\system32;C:\Windows;C:\Windows\System32\Wbem;C:\Windows\System32\WindowsPowerShell\v1.0\;C:\Program Files (x86)\NVIDIA Corporation\PhysX\Common;C:\Program Files (x86)\Intel\Intel(R) Management Engine Components\DAL;C:\Program Files\Intel\Intel(R) Management Engine Components\DAL;C:\Program Files (x86)\Intel\Intel(R) Management Engine Components\IPT;C:\Program Files\Intel\Intel(R) Management Engine Components\IPT;C:\Program Files\Intel\WiFi\bin\;C:\Program Files\Common Files\Intel\WirelessCommon\;C:\Windows\system32\config\systemprofile\AppData\Local\Microsoft\WindowsApps;C:\WINDOWS\system32;C:\WINDOWS;C:\WINDOWS\System32\Wbem;C:\WINDOWS\System32\WindowsPowerShell\v1.0\;C:\WINDOWS\System32\OpenSSH\;C:\WINDOWS\system32\config\systemprofile\AppData\Local\Microsoft\WindowsApps;C:\Program Files\NVIDIA Corporation\NVIDIA NvDLISR;C:\Users\pc\.jdks\corretto-17.0.6\bin\;E:\XT\;E:\XSHELL\;C:\Program Files\Bandizip\;%JAVAHOME%bin;C:\Program Files\WorldPainter;C:\Program Files\dotnet\;C:\Program Files\Git\cmd;C:\Program Files\nodejs\;C:\WINDOWS\system32\config\systemprofile\AppData\Local\Muse Hub\lib;C:\Users\pc\AppData\Local\Programs\Python\Python310\Scripts\;C:\Users\pc\AppData\Local\Programs\Python\Python310\;C:\Users\pc\AppData\Local\Microsoft\WindowsApps;D:\IED\Microsoft VS Code\bin;C:\Users\pc\.jdks\corretto-17.0.6\bin\;C:\Users\pc\.jdks\openjdk-21.0.2\\bin;C:\Users\pc\.jdks\openjdk-21.0.2\\jre\bin;C:\Users\pc\AppData\Local\Muse Hub\lib;F:\IntelliJ IDEA 2025.2.4\bin;F:\IntelliJ IDEA Community Edition 2025.2.4\bin;c:\users\pc\appdata\roaming\python\python310\scripts;c:\users\pc\.local\bin;F:\PyCharm 2025.1\bin;;C:\Users\pc\AppData\Roaming\npm
USERNAME=zhaoyuelun
OS=Windows_NT
PROCESSOR_IDENTIFIER=Intel64 Family 6 Model 158 Stepping 9, GenuineIntel
TMP=C:\Users\pc\AppData\Local\Temp
TEMP=C:\Users\pc\AppData\Local\Temp




Periodic native trim disabled

---------------  S Y S T E M  ---------------

OS:
 Windows 10 , 64 bit Build 19041 (10.0.19041.5915)
OS uptime: 8 days 8:24 hours

CPU: total 4 (initial active 4) (4 cores per cpu, 1 threads per core) family 6 model 158 stepping 9 microcode 0xb4, cx8, cmov, fxsr, mmx, 3dnowpref, sse, sse2, sse3, ssse3, sse4.1, sse4.2, popcnt, lzcnt, tsc, tscinvbit, avx, avx2, aes, erms, clmul, bmi1, bmi2, adx, fma, vzeroupper, clflush, clflushopt, rdtscp, f16c
Processor Information for all 4 processors :
  Max Mhz: 2501, Current Mhz: 2501, Mhz Limit: 2501

Memory: 4k page, system-wide physical 32652M (1284M free)
TotalPageFile size 42606M (AvailPageFile size 624M)
current process WorkingSet (physical memory assigned to process): 628M, peak: 642M
current process commit charge ("private bytes"): 665M, peak: 677M

vm_info: OpenJDK 64-Bit Server VM (21.0.2+13-58) for windows-amd64 JRE (21.0.2+13-58), built on 2024-01-05T18:32:24Z by "mach5one" with MS VC++ 17.1 (VS2022)

END.
